<?xml version="1.0" encoding="UTF-8"?>
<!-- Generated by org.testng.reporters.JUnitXMLReporter -->
<testsuite ignored="0" hostname="LAPTOP-68FQM03A" failures="1" tests="19" name="Testonmychrome" time="175.877" errors="0" timestamp="2023-10-13T20:38:38 EDT">
  <testcase classname="crossBrowser.CrossBrowserQueueTesting" name="login" time="3.437"/>
  <testcase classname="crossBrowser.CrossBrowserQueueTesting" name="QueuePage" time="5.349"/>
  <testcase classname="crossBrowser.CrossBrowserQueueTesting" name="pythonQueueImplmentationPage" time="2.888"/>
  <testcase classname="crossBrowser.CrossBrowserQueueTesting" name="tryHerePythonImplmentation" time="4.869"/>
  <testcase classname="crossBrowser.CrossBrowserQueueTesting" name="ErrormsgOnPythonImplmentation" time="5.329"/>
  <testcase classname="crossBrowser.CrossBrowserQueueTesting" name="PrintmsgOnPythonImplmentation" time="6.807"/>
  <testcase classname="crossBrowser.CrossBrowserQueueTesting" name="DequePage" time="3.194"/>
  <testcase classname="crossBrowser.CrossBrowserQueueTesting" name="tryHereDeque" time="4.681"/>
  <testcase classname="crossBrowser.CrossBrowserQueueTesting" name="ErrormsgOnDeque" time="3.696"/>
  <testcase classname="crossBrowser.CrossBrowserQueueTesting" name="PrintmsgOnDeque" time="5.206"/>
  <testcase classname="crossBrowser.CrossBrowserQueueTesting" name="OnImplementationArrayPage" time="3.54"/>
  <testcase classname="crossBrowser.CrossBrowserQueueTesting" name="tryHereOnImplementationArray" time="3.931"/>
  <testcase classname="crossBrowser.CrossBrowserQueueTesting" name="ErrormsgOnPrintmsgOnImplementationArray" time="5.876"/>
  <testcase classname="crossBrowser.CrossBrowserQueueTesting" name="PrintmsgOnImplementationArray" time="4.672"/>
  <testcase classname="crossBrowser.CrossBrowserQueueTesting" name="QueueOperationsPage" time="4.477"/>
  <testcase classname="crossBrowser.CrossBrowserQueueTesting" name="tryHereOnQueueOperations" time="4.827"/>
  <testcase classname="crossBrowser.CrossBrowserQueueTesting" name="ErrormsgOnQueueOperations" time="6.63"/>
  <testcase classname="crossBrowser.CrossBrowserQueueTesting" name="PrintmsgOnQueueOperations" time="5.597"/>
  <testcase classname="crossBrowser.CrossBrowserQueueTesting" name="PracticePage" time="4.089">
    <failure type="org.openqa.selenium.NoSuchElementException" message="no such element: Unable to locate element: {&amp;quot;method&amp;quot;:&amp;quot;xpath&amp;quot;,&amp;quot;selector&amp;quot;:&amp;quot;//a[contains(text(),&amp;apos;Practice Questions&amp;apos;)]&amp;quot;}
  (Session info: chrome=118.0.5993.70)
For documentation on this error, please visit: https://www.selenium.dev/documentation/webdriver/troubleshooting/errors#no-such-element-exception
Build info: version: &amp;apos;4.12.0&amp;apos;, revision: &amp;apos;249f2a7d1b*&amp;apos;
System info: os.name: &amp;apos;Windows 11&amp;apos;, os.arch: &amp;apos;amd64&amp;apos;, os.version: &amp;apos;10.0&amp;apos;, java.version: &amp;apos;17.0.8&amp;apos;
Driver info: org.openqa.selenium.chrome.ChromeDriver
Command: [c5f0c89ed1acafb159a52f83f34fd826, findElement {using=xpath, value=//a[contains(text(),&amp;apos;Practice Questions&amp;apos;)]}]
Capabilities {acceptInsecureCerts: false, browserName: chrome, browserVersion: 118.0.5993.70, chrome: {chromedriverVersion: 118.0.5993.70 (e52f33f30b91..., userDataDir: C:\Users\sheet\AppData\Loca...}, fedcm:accounts: true, goog:chromeOptions: {debuggerAddress: localhost:55136}, networkConnectionEnabled: false, pageLoadStrategy: normal, platformName: windows, proxy: Proxy(), se:cdp: ws://localhost:55136/devtoo..., se:cdpVersion: 118.0.5993.70, setWindowRect: true, strictFileInteractability: false, timeouts: {implicit: 0, pageLoad: 300000, script: 30000}, unhandledPromptBehavior: dismiss and notify, webauthn:extension:credBlob: true, webauthn:extension:largeBlob: true, webauthn:extension:minPinLength: true, webauthn:extension:prf: true, webauthn:virtualAuthenticators: true}
Session ID: c5f0c89ed1acafb159a52f83f34fd826">
      <![CDATA[org.openqa.selenium.NoSuchElementException: no such element: Unable to locate element: {"method":"xpath","selector":"//a[contains(text(),'Practice Questions')]"}
  (Session info: chrome=118.0.5993.70)
For documentation on this error, please visit: https://www.selenium.dev/documentation/webdriver/troubleshooting/errors#no-such-element-exception
Build info: version: '4.12.0', revision: '249f2a7d1b*'
System info: os.name: 'Windows 11', os.arch: 'amd64', os.version: '10.0', java.version: '17.0.8'
Driver info: org.openqa.selenium.chrome.ChromeDriver
Command: [c5f0c89ed1acafb159a52f83f34fd826, findElement {using=xpath, value=//a[contains(text(),'Practice Questions')]}]
Capabilities {acceptInsecureCerts: false, browserName: chrome, browserVersion: 118.0.5993.70, chrome: {chromedriverVersion: 118.0.5993.70 (e52f33f30b91..., userDataDir: C:\Users\sheet\AppData\Loca...}, fedcm:accounts: true, goog:chromeOptions: {debuggerAddress: localhost:55136}, networkConnectionEnabled: false, pageLoadStrategy: normal, platformName: windows, proxy: Proxy(), se:cdp: ws://localhost:55136/devtoo..., se:cdpVersion: 118.0.5993.70, setWindowRect: true, strictFileInteractability: false, timeouts: {implicit: 0, pageLoad: 300000, script: 30000}, unhandledPromptBehavior: dismiss and notify, webauthn:extension:credBlob: true, webauthn:extension:largeBlob: true, webauthn:extension:minPinLength: true, webauthn:extension:prf: true, webauthn:virtualAuthenticators: true}
Session ID: c5f0c89ed1acafb159a52f83f34fd826
at org.openqa.selenium.remote.codec.w3c.W3CHttpResponseCodec.createException(W3CHttpResponseCodec.java:200)
at org.openqa.selenium.remote.codec.w3c.W3CHttpResponseCodec.decode(W3CHttpResponseCodec.java:133)
at org.openqa.selenium.remote.codec.w3c.W3CHttpResponseCodec.decode(W3CHttpResponseCodec.java:52)
at org.openqa.selenium.remote.HttpCommandExecutor.execute(HttpCommandExecutor.java:191)
at org.openqa.selenium.remote.service.DriverCommandExecutor.invokeExecute(DriverCommandExecutor.java:196)
at org.openqa.selenium.remote.service.DriverCommandExecutor.execute(DriverCommandExecutor.java:171)
at org.openqa.selenium.remote.RemoteWebDriver.execute(RemoteWebDriver.java:602)
at org.openqa.selenium.remote.ElementLocation$ElementFinder$2.findElement(ElementLocation.java:165)
at org.openqa.selenium.remote.ElementLocation.findElement(ElementLocation.java:59)
at org.openqa.selenium.remote.RemoteWebDriver.findElement(RemoteWebDriver.java:359)
at org.openqa.selenium.remote.RemoteWebDriver.findElement(RemoteWebDriver.java:353)
at crossBrowser.CrossBrowserQueueTesting.PracticePage(CrossBrowserQueueTesting.java:550)
at java.base/java.util.ArrayList.forEach(ArrayList.java:1511)
at java.base/java.util.concurrent.FutureTask.run(FutureTask.java:264)
at java.base/java.util.concurrent.ThreadPoolExecutor.runWorker(ThreadPoolExecutor.java:1136)
at java.base/java.util.concurrent.ThreadPoolExecutor$Worker.run(ThreadPoolExecutor.java:635)
at java.base/java.lang.Thread.run(Thread.java:833)
... Removed 22 stack frames]]>
    </failure>
  </testcase> <!-- PracticePage -->
</testsuite> <!-- Testonmychrome -->
