<?xml version="1.0" encoding="UTF-8"?>
<!-- Generated by org.testng.reporters.JUnitXMLReporter -->
<testsuite ignored="0" hostname="LAPTOP-68FQM03A" failures="1" tests="19" name="Testonmyedge" time="176.863" errors="0" timestamp="2023-10-13T20:38:39 EDT">
  <testcase classname="crossBrowser.CrossBrowserQueueTesting" name="login" time="3.546"/>
  <testcase classname="crossBrowser.CrossBrowserQueueTesting" name="QueuePage" time="4.786"/>
  <testcase classname="crossBrowser.CrossBrowserQueueTesting" name="pythonQueueImplmentationPage" time="3.765"/>
  <testcase classname="crossBrowser.CrossBrowserQueueTesting" name="tryHerePythonImplmentation" time="6.14"/>
  <testcase classname="crossBrowser.CrossBrowserQueueTesting" name="ErrormsgOnPythonImplmentation" time="6.38"/>
  <testcase classname="crossBrowser.CrossBrowserQueueTesting" name="PrintmsgOnPythonImplmentation" time="6.068"/>
  <testcase classname="crossBrowser.CrossBrowserQueueTesting" name="DequePage" time="4.191"/>
  <testcase classname="crossBrowser.CrossBrowserQueueTesting" name="tryHereDeque" time="5.217"/>
  <testcase classname="crossBrowser.CrossBrowserQueueTesting" name="ErrormsgOnDeque" time="4.815"/>
  <testcase classname="crossBrowser.CrossBrowserQueueTesting" name="PrintmsgOnDeque" time="6.002"/>
  <testcase classname="crossBrowser.CrossBrowserQueueTesting" name="OnImplementationArrayPage" time="4.661"/>
  <testcase classname="crossBrowser.CrossBrowserQueueTesting" name="tryHereOnImplementationArray" time="5.255"/>
  <testcase classname="crossBrowser.CrossBrowserQueueTesting" name="ErrormsgOnPrintmsgOnImplementationArray" time="5.127"/>
  <testcase classname="crossBrowser.CrossBrowserQueueTesting" name="PrintmsgOnImplementationArray" time="4.23"/>
  <testcase classname="crossBrowser.CrossBrowserQueueTesting" name="QueueOperationsPage" time="3.873"/>
  <testcase classname="crossBrowser.CrossBrowserQueueTesting" name="tryHereOnQueueOperations" time="4.315"/>
  <testcase classname="crossBrowser.CrossBrowserQueueTesting" name="ErrormsgOnQueueOperations" time="5.9"/>
  <testcase classname="crossBrowser.CrossBrowserQueueTesting" name="PrintmsgOnQueueOperations" time="4.789"/>
  <testcase classname="crossBrowser.CrossBrowserQueueTesting" name="PracticePage" time="3.562">
    <failure type="org.openqa.selenium.NoSuchElementException" message="no such element: Unable to locate element: {&amp;quot;method&amp;quot;:&amp;quot;xpath&amp;quot;,&amp;quot;selector&amp;quot;:&amp;quot;//a[contains(text(),&amp;apos;Practice Questions&amp;apos;)]&amp;quot;}
  (Session info: MicrosoftEdge=118.0.2088.46)
For documentation on this error, please visit: https://www.selenium.dev/documentation/webdriver/troubleshooting/errors#no-such-element-exception
Build info: version: &amp;apos;4.12.0&amp;apos;, revision: &amp;apos;249f2a7d1b*&amp;apos;
System info: os.name: &amp;apos;Windows 11&amp;apos;, os.arch: &amp;apos;amd64&amp;apos;, os.version: &amp;apos;10.0&amp;apos;, java.version: &amp;apos;17.0.8&amp;apos;
Driver info: org.openqa.selenium.edge.EdgeDriver
Command: [d4e530739c1925ae657dd712b88e8255, findElement {using=xpath, value=//a[contains(text(),&amp;apos;Practice Questions&amp;apos;)]}]
Capabilities {acceptInsecureCerts: false, browserName: msedge, browserVersion: 118.0.2088.46, fedcm:accounts: true, ms:edgeOptions: {debuggerAddress: localhost:55143}, msedge: {msedgedriverVersion: 118.0.2088.46 (175bd6acfc46..., userDataDir: C:\Users\sheet\AppData\Loca...}, networkConnectionEnabled: false, pageLoadStrategy: normal, platformName: windows, proxy: Proxy(), se:cdp: ws://localhost:55143/devtoo..., se:cdpVersion: 118.0.2088.46, setWindowRect: true, strictFileInteractability: false, timeouts: {implicit: 0, pageLoad: 300000, script: 30000}, unhandledPromptBehavior: dismiss and notify, webauthn:extension:credBlob: true, webauthn:extension:largeBlob: true, webauthn:extension:minPinLength: true, webauthn:extension:prf: true, webauthn:virtualAuthenticators: true}
Session ID: d4e530739c1925ae657dd712b88e8255">
      <![CDATA[org.openqa.selenium.NoSuchElementException: no such element: Unable to locate element: {"method":"xpath","selector":"//a[contains(text(),'Practice Questions')]"}
  (Session info: MicrosoftEdge=118.0.2088.46)
For documentation on this error, please visit: https://www.selenium.dev/documentation/webdriver/troubleshooting/errors#no-such-element-exception
Build info: version: '4.12.0', revision: '249f2a7d1b*'
System info: os.name: 'Windows 11', os.arch: 'amd64', os.version: '10.0', java.version: '17.0.8'
Driver info: org.openqa.selenium.edge.EdgeDriver
Command: [d4e530739c1925ae657dd712b88e8255, findElement {using=xpath, value=//a[contains(text(),'Practice Questions')]}]
Capabilities {acceptInsecureCerts: false, browserName: msedge, browserVersion: 118.0.2088.46, fedcm:accounts: true, ms:edgeOptions: {debuggerAddress: localhost:55143}, msedge: {msedgedriverVersion: 118.0.2088.46 (175bd6acfc46..., userDataDir: C:\Users\sheet\AppData\Loca...}, networkConnectionEnabled: false, pageLoadStrategy: normal, platformName: windows, proxy: Proxy(), se:cdp: ws://localhost:55143/devtoo..., se:cdpVersion: 118.0.2088.46, setWindowRect: true, strictFileInteractability: false, timeouts: {implicit: 0, pageLoad: 300000, script: 30000}, unhandledPromptBehavior: dismiss and notify, webauthn:extension:credBlob: true, webauthn:extension:largeBlob: true, webauthn:extension:minPinLength: true, webauthn:extension:prf: true, webauthn:virtualAuthenticators: true}
Session ID: d4e530739c1925ae657dd712b88e8255
at org.openqa.selenium.remote.codec.w3c.W3CHttpResponseCodec.createException(W3CHttpResponseCodec.java:200)
at org.openqa.selenium.remote.codec.w3c.W3CHttpResponseCodec.decode(W3CHttpResponseCodec.java:133)
at org.openqa.selenium.remote.codec.w3c.W3CHttpResponseCodec.decode(W3CHttpResponseCodec.java:52)
at org.openqa.selenium.remote.HttpCommandExecutor.execute(HttpCommandExecutor.java:191)
at org.openqa.selenium.remote.service.DriverCommandExecutor.invokeExecute(DriverCommandExecutor.java:196)
at org.openqa.selenium.remote.service.DriverCommandExecutor.execute(DriverCommandExecutor.java:171)
at org.openqa.selenium.remote.RemoteWebDriver.execute(RemoteWebDriver.java:602)
at org.openqa.selenium.remote.ElementLocation$ElementFinder$2.findElement(ElementLocation.java:165)
at org.openqa.selenium.remote.ElementLocation.findElement(ElementLocation.java:59)
at org.openqa.selenium.remote.RemoteWebDriver.findElement(RemoteWebDriver.java:359)
at org.openqa.selenium.remote.RemoteWebDriver.findElement(RemoteWebDriver.java:353)
at crossBrowser.CrossBrowserQueueTesting.PracticePage(CrossBrowserQueueTesting.java:550)
at java.base/java.util.ArrayList.forEach(ArrayList.java:1511)
at java.base/java.util.concurrent.FutureTask.run(FutureTask.java:264)
at java.base/java.util.concurrent.ThreadPoolExecutor.runWorker(ThreadPoolExecutor.java:1136)
at java.base/java.util.concurrent.ThreadPoolExecutor$Worker.run(ThreadPoolExecutor.java:635)
at java.base/java.lang.Thread.run(Thread.java:833)
... Removed 22 stack frames]]>
    </failure>
  </testcase> <!-- PracticePage -->
</testsuite> <!-- Testonmyedge -->
