<?xml version="1.0" encoding="UTF-8"?>
<testng-results ignored="0" total="57" passed="53" failed="4" skipped="0">
  <reporter-output>
  </reporter-output>
  <suite started-at="2023-10-13T20:35:42 EDT" name="Suite" finished-at="2023-10-13T20:40:52 EDT" duration-ms="309412">
    <groups>
    </groups>
    <test started-at="2023-10-13T20:35:42 EDT" name="Testonmychrome" finished-at="2023-10-13T20:38:38 EDT" duration-ms="175877">
      <class name="crossBrowser.CrossBrowserQueueTesting">
        <test-method is-config="true" signature="Lunchbrowser(java.lang.String)[pri:0, instance:crossBrowser.CrossBrowserQueueTesting@14fc5f04]" started-at="2023-10-13T20:35:42 EDT" name="Lunchbrowser" finished-at="2023-10-13T20:35:52 EDT" duration-ms="9800" status="PASS">
          <params>
            <param index="0">
              <value>
                <![CDATA[chrome]]>
              </value>
            </param>
          </params>
          <reporter-output>
          </reporter-output>
        </test-method> <!-- Lunchbrowser -->
        <test-method signature="login()[pri:1, instance:crossBrowser.CrossBrowserQueueTesting@14fc5f04]" started-at="2023-10-13T20:35:52 EDT" name="login" finished-at="2023-10-13T20:35:56 EDT" duration-ms="3437" status="PASS">
          <reporter-output>
          </reporter-output>
        </test-method> <!-- login -->
        <test-method is-config="true" signature="browserQuit()[pri:0, instance:crossBrowser.CrossBrowserQueueTesting@14fc5f04]" started-at="2023-10-13T20:35:56 EDT" name="browserQuit" finished-at="2023-10-13T20:35:56 EDT" duration-ms="672" status="PASS">
          <reporter-output>
          </reporter-output>
        </test-method> <!-- browserQuit -->
        <test-method is-config="true" signature="Lunchbrowser(java.lang.String)[pri:0, instance:crossBrowser.CrossBrowserQueueTesting@14fc5f04]" started-at="2023-10-13T20:35:56 EDT" name="Lunchbrowser" finished-at="2023-10-13T20:36:01 EDT" duration-ms="4264" status="PASS">
          <params>
            <param index="0">
              <value>
                <![CDATA[chrome]]>
              </value>
            </param>
          </params>
          <reporter-output>
          </reporter-output>
        </test-method> <!-- Lunchbrowser -->
        <test-method signature="QueuePage()[pri:2, instance:crossBrowser.CrossBrowserQueueTesting@14fc5f04]" started-at="2023-10-13T20:36:01 EDT" name="QueuePage" finished-at="2023-10-13T20:36:06 EDT" duration-ms="5349" status="PASS">
          <reporter-output>
          </reporter-output>
        </test-method> <!-- QueuePage -->
        <test-method is-config="true" signature="browserQuit()[pri:0, instance:crossBrowser.CrossBrowserQueueTesting@14fc5f04]" started-at="2023-10-13T20:36:06 EDT" name="browserQuit" finished-at="2023-10-13T20:36:06 EDT" duration-ms="342" status="PASS">
          <reporter-output>
          </reporter-output>
        </test-method> <!-- browserQuit -->
        <test-method is-config="true" signature="Lunchbrowser(java.lang.String)[pri:0, instance:crossBrowser.CrossBrowserQueueTesting@14fc5f04]" started-at="2023-10-13T20:36:06 EDT" name="Lunchbrowser" finished-at="2023-10-13T20:36:10 EDT" duration-ms="4203" status="PASS">
          <params>
            <param index="0">
              <value>
                <![CDATA[chrome]]>
              </value>
            </param>
          </params>
          <reporter-output>
          </reporter-output>
        </test-method> <!-- Lunchbrowser -->
        <test-method signature="pythonQueueImplmentationPage()[pri:3, instance:crossBrowser.CrossBrowserQueueTesting@14fc5f04]" started-at="2023-10-13T20:36:10 EDT" name="pythonQueueImplmentationPage" finished-at="2023-10-13T20:36:13 EDT" duration-ms="2888" status="PASS">
          <reporter-output>
          </reporter-output>
        </test-method> <!-- pythonQueueImplmentationPage -->
        <test-method is-config="true" signature="browserQuit()[pri:0, instance:crossBrowser.CrossBrowserQueueTesting@14fc5f04]" started-at="2023-10-13T20:36:13 EDT" name="browserQuit" finished-at="2023-10-13T20:36:14 EDT" duration-ms="246" status="PASS">
          <reporter-output>
          </reporter-output>
        </test-method> <!-- browserQuit -->
        <test-method is-config="true" signature="Lunchbrowser(java.lang.String)[pri:0, instance:crossBrowser.CrossBrowserQueueTesting@14fc5f04]" started-at="2023-10-13T20:36:14 EDT" name="Lunchbrowser" finished-at="2023-10-13T20:36:18 EDT" duration-ms="4345" status="PASS">
          <params>
            <param index="0">
              <value>
                <![CDATA[chrome]]>
              </value>
            </param>
          </params>
          <reporter-output>
          </reporter-output>
        </test-method> <!-- Lunchbrowser -->
        <test-method signature="tryHerePythonImplmentation()[pri:4, instance:crossBrowser.CrossBrowserQueueTesting@14fc5f04]" started-at="2023-10-13T20:36:18 EDT" name="tryHerePythonImplmentation" finished-at="2023-10-13T20:36:23 EDT" duration-ms="4869" status="PASS">
          <reporter-output>
          </reporter-output>
        </test-method> <!-- tryHerePythonImplmentation -->
        <test-method is-config="true" signature="browserQuit()[pri:0, instance:crossBrowser.CrossBrowserQueueTesting@14fc5f04]" started-at="2023-10-13T20:36:23 EDT" name="browserQuit" finished-at="2023-10-13T20:36:23 EDT" duration-ms="418" status="PASS">
          <reporter-output>
          </reporter-output>
        </test-method> <!-- browserQuit -->
        <test-method is-config="true" signature="Lunchbrowser(java.lang.String)[pri:0, instance:crossBrowser.CrossBrowserQueueTesting@14fc5f04]" started-at="2023-10-13T20:36:23 EDT" name="Lunchbrowser" finished-at="2023-10-13T20:36:28 EDT" duration-ms="4359" status="PASS">
          <params>
            <param index="0">
              <value>
                <![CDATA[chrome]]>
              </value>
            </param>
          </params>
          <reporter-output>
          </reporter-output>
        </test-method> <!-- Lunchbrowser -->
        <test-method signature="ErrormsgOnPythonImplmentation()[pri:5, instance:crossBrowser.CrossBrowserQueueTesting@14fc5f04]" started-at="2023-10-13T20:36:28 EDT" name="ErrormsgOnPythonImplmentation" finished-at="2023-10-13T20:36:33 EDT" duration-ms="5329" status="PASS">
          <reporter-output>
          </reporter-output>
        </test-method> <!-- ErrormsgOnPythonImplmentation -->
        <test-method is-config="true" signature="browserQuit()[pri:0, instance:crossBrowser.CrossBrowserQueueTesting@14fc5f04]" started-at="2023-10-13T20:36:33 EDT" name="browserQuit" finished-at="2023-10-13T20:36:34 EDT" duration-ms="773" status="PASS">
          <reporter-output>
          </reporter-output>
        </test-method> <!-- browserQuit -->
        <test-method is-config="true" signature="Lunchbrowser(java.lang.String)[pri:0, instance:crossBrowser.CrossBrowserQueueTesting@14fc5f04]" started-at="2023-10-13T20:36:34 EDT" name="Lunchbrowser" finished-at="2023-10-13T20:36:37 EDT" duration-ms="3699" status="PASS">
          <params>
            <param index="0">
              <value>
                <![CDATA[chrome]]>
              </value>
            </param>
          </params>
          <reporter-output>
          </reporter-output>
        </test-method> <!-- Lunchbrowser -->
        <test-method signature="PrintmsgOnPythonImplmentation()[pri:5, instance:crossBrowser.CrossBrowserQueueTesting@14fc5f04]" started-at="2023-10-13T20:36:37 EDT" name="PrintmsgOnPythonImplmentation" finished-at="2023-10-13T20:36:44 EDT" duration-ms="6807" status="PASS">
          <reporter-output>
          </reporter-output>
        </test-method> <!-- PrintmsgOnPythonImplmentation -->
        <test-method is-config="true" signature="browserQuit()[pri:0, instance:crossBrowser.CrossBrowserQueueTesting@14fc5f04]" started-at="2023-10-13T20:36:44 EDT" name="browserQuit" finished-at="2023-10-13T20:36:44 EDT" duration-ms="241" status="PASS">
          <reporter-output>
          </reporter-output>
        </test-method> <!-- browserQuit -->
        <test-method is-config="true" signature="Lunchbrowser(java.lang.String)[pri:0, instance:crossBrowser.CrossBrowserQueueTesting@14fc5f04]" started-at="2023-10-13T20:36:44 EDT" name="Lunchbrowser" finished-at="2023-10-13T20:36:48 EDT" duration-ms="3960" status="PASS">
          <params>
            <param index="0">
              <value>
                <![CDATA[chrome]]>
              </value>
            </param>
          </params>
          <reporter-output>
          </reporter-output>
        </test-method> <!-- Lunchbrowser -->
        <test-method signature="DequePage()[pri:6, instance:crossBrowser.CrossBrowserQueueTesting@14fc5f04]" started-at="2023-10-13T20:36:48 EDT" name="DequePage" finished-at="2023-10-13T20:36:52 EDT" duration-ms="3194" status="PASS">
          <reporter-output>
          </reporter-output>
        </test-method> <!-- DequePage -->
        <test-method is-config="true" signature="browserQuit()[pri:0, instance:crossBrowser.CrossBrowserQueueTesting@14fc5f04]" started-at="2023-10-13T20:36:52 EDT" name="browserQuit" finished-at="2023-10-13T20:36:52 EDT" duration-ms="250" status="PASS">
          <reporter-output>
          </reporter-output>
        </test-method> <!-- browserQuit -->
        <test-method is-config="true" signature="Lunchbrowser(java.lang.String)[pri:0, instance:crossBrowser.CrossBrowserQueueTesting@14fc5f04]" started-at="2023-10-13T20:36:52 EDT" name="Lunchbrowser" finished-at="2023-10-13T20:36:56 EDT" duration-ms="3998" status="PASS">
          <params>
            <param index="0">
              <value>
                <![CDATA[chrome]]>
              </value>
            </param>
          </params>
          <reporter-output>
          </reporter-output>
        </test-method> <!-- Lunchbrowser -->
        <test-method signature="tryHereDeque()[pri:7, instance:crossBrowser.CrossBrowserQueueTesting@14fc5f04]" started-at="2023-10-13T20:36:56 EDT" name="tryHereDeque" finished-at="2023-10-13T20:37:01 EDT" duration-ms="4681" status="PASS">
          <reporter-output>
          </reporter-output>
        </test-method> <!-- tryHereDeque -->
        <test-method is-config="true" signature="browserQuit()[pri:0, instance:crossBrowser.CrossBrowserQueueTesting@14fc5f04]" started-at="2023-10-13T20:37:01 EDT" name="browserQuit" finished-at="2023-10-13T20:37:01 EDT" duration-ms="436" status="PASS">
          <reporter-output>
          </reporter-output>
        </test-method> <!-- browserQuit -->
        <test-method is-config="true" signature="Lunchbrowser(java.lang.String)[pri:0, instance:crossBrowser.CrossBrowserQueueTesting@14fc5f04]" started-at="2023-10-13T20:37:01 EDT" name="Lunchbrowser" finished-at="2023-10-13T20:37:05 EDT" duration-ms="3831" status="PASS">
          <params>
            <param index="0">
              <value>
                <![CDATA[chrome]]>
              </value>
            </param>
          </params>
          <reporter-output>
          </reporter-output>
        </test-method> <!-- Lunchbrowser -->
        <test-method signature="ErrormsgOnDeque()[pri:8, instance:crossBrowser.CrossBrowserQueueTesting@14fc5f04]" started-at="2023-10-13T20:37:05 EDT" name="ErrormsgOnDeque" finished-at="2023-10-13T20:37:08 EDT" duration-ms="3696" status="PASS">
          <reporter-output>
          </reporter-output>
        </test-method> <!-- ErrormsgOnDeque -->
        <test-method is-config="true" signature="browserQuit()[pri:0, instance:crossBrowser.CrossBrowserQueueTesting@14fc5f04]" started-at="2023-10-13T20:37:08 EDT" name="browserQuit" finished-at="2023-10-13T20:37:09 EDT" duration-ms="387" status="PASS">
          <reporter-output>
          </reporter-output>
        </test-method> <!-- browserQuit -->
        <test-method is-config="true" signature="Lunchbrowser(java.lang.String)[pri:0, instance:crossBrowser.CrossBrowserQueueTesting@14fc5f04]" started-at="2023-10-13T20:37:09 EDT" name="Lunchbrowser" finished-at="2023-10-13T20:37:12 EDT" duration-ms="3505" status="PASS">
          <params>
            <param index="0">
              <value>
                <![CDATA[chrome]]>
              </value>
            </param>
          </params>
          <reporter-output>
          </reporter-output>
        </test-method> <!-- Lunchbrowser -->
        <test-method signature="PrintmsgOnDeque()[pri:9, instance:crossBrowser.CrossBrowserQueueTesting@14fc5f04]" started-at="2023-10-13T20:37:12 EDT" name="PrintmsgOnDeque" finished-at="2023-10-13T20:37:18 EDT" duration-ms="5206" status="PASS">
          <reporter-output>
          </reporter-output>
        </test-method> <!-- PrintmsgOnDeque -->
        <test-method is-config="true" signature="browserQuit()[pri:0, instance:crossBrowser.CrossBrowserQueueTesting@14fc5f04]" started-at="2023-10-13T20:37:18 EDT" name="browserQuit" finished-at="2023-10-13T20:37:18 EDT" duration-ms="321" status="PASS">
          <reporter-output>
          </reporter-output>
        </test-method> <!-- browserQuit -->
        <test-method is-config="true" signature="Lunchbrowser(java.lang.String)[pri:0, instance:crossBrowser.CrossBrowserQueueTesting@14fc5f04]" started-at="2023-10-13T20:37:18 EDT" name="Lunchbrowser" finished-at="2023-10-13T20:37:22 EDT" duration-ms="4300" status="PASS">
          <params>
            <param index="0">
              <value>
                <![CDATA[chrome]]>
              </value>
            </param>
          </params>
          <reporter-output>
          </reporter-output>
        </test-method> <!-- Lunchbrowser -->
        <test-method signature="OnImplementationArrayPage()[pri:10, instance:crossBrowser.CrossBrowserQueueTesting@14fc5f04]" started-at="2023-10-13T20:37:22 EDT" name="OnImplementationArrayPage" finished-at="2023-10-13T20:37:26 EDT" duration-ms="3540" status="PASS">
          <reporter-output>
          </reporter-output>
        </test-method> <!-- OnImplementationArrayPage -->
        <test-method is-config="true" signature="browserQuit()[pri:0, instance:crossBrowser.CrossBrowserQueueTesting@14fc5f04]" started-at="2023-10-13T20:37:26 EDT" name="browserQuit" finished-at="2023-10-13T20:37:26 EDT" duration-ms="302" status="PASS">
          <reporter-output>
          </reporter-output>
        </test-method> <!-- browserQuit -->
        <test-method is-config="true" signature="Lunchbrowser(java.lang.String)[pri:0, instance:crossBrowser.CrossBrowserQueueTesting@14fc5f04]" started-at="2023-10-13T20:37:26 EDT" name="Lunchbrowser" finished-at="2023-10-13T20:37:29 EDT" duration-ms="3282" status="PASS">
          <params>
            <param index="0">
              <value>
                <![CDATA[chrome]]>
              </value>
            </param>
          </params>
          <reporter-output>
          </reporter-output>
        </test-method> <!-- Lunchbrowser -->
        <test-method signature="tryHereOnImplementationArray()[pri:11, instance:crossBrowser.CrossBrowserQueueTesting@14fc5f04]" started-at="2023-10-13T20:37:29 EDT" name="tryHereOnImplementationArray" finished-at="2023-10-13T20:37:33 EDT" duration-ms="3931" status="PASS">
          <reporter-output>
          </reporter-output>
        </test-method> <!-- tryHereOnImplementationArray -->
        <test-method is-config="true" signature="browserQuit()[pri:0, instance:crossBrowser.CrossBrowserQueueTesting@14fc5f04]" started-at="2023-10-13T20:37:33 EDT" name="browserQuit" finished-at="2023-10-13T20:37:34 EDT" duration-ms="689" status="PASS">
          <reporter-output>
          </reporter-output>
        </test-method> <!-- browserQuit -->
        <test-method is-config="true" signature="Lunchbrowser(java.lang.String)[pri:0, instance:crossBrowser.CrossBrowserQueueTesting@14fc5f04]" started-at="2023-10-13T20:37:34 EDT" name="Lunchbrowser" finished-at="2023-10-13T20:37:37 EDT" duration-ms="3227" status="PASS">
          <params>
            <param index="0">
              <value>
                <![CDATA[chrome]]>
              </value>
            </param>
          </params>
          <reporter-output>
          </reporter-output>
        </test-method> <!-- Lunchbrowser -->
        <test-method signature="ErrormsgOnPrintmsgOnImplementationArray()[pri:12, instance:crossBrowser.CrossBrowserQueueTesting@14fc5f04]" started-at="2023-10-13T20:37:37 EDT" name="ErrormsgOnPrintmsgOnImplementationArray" finished-at="2023-10-13T20:37:43 EDT" duration-ms="5876" status="PASS">
          <reporter-output>
          </reporter-output>
        </test-method> <!-- ErrormsgOnPrintmsgOnImplementationArray -->
        <test-method is-config="true" signature="browserQuit()[pri:0, instance:crossBrowser.CrossBrowserQueueTesting@14fc5f04]" started-at="2023-10-13T20:37:43 EDT" name="browserQuit" finished-at="2023-10-13T20:37:43 EDT" duration-ms="404" status="PASS">
          <reporter-output>
          </reporter-output>
        </test-method> <!-- browserQuit -->
        <test-method is-config="true" signature="Lunchbrowser(java.lang.String)[pri:0, instance:crossBrowser.CrossBrowserQueueTesting@14fc5f04]" started-at="2023-10-13T20:37:43 EDT" name="Lunchbrowser" finished-at="2023-10-13T20:37:46 EDT" duration-ms="3006" status="PASS">
          <params>
            <param index="0">
              <value>
                <![CDATA[chrome]]>
              </value>
            </param>
          </params>
          <reporter-output>
          </reporter-output>
        </test-method> <!-- Lunchbrowser -->
        <test-method signature="PrintmsgOnImplementationArray()[pri:13, instance:crossBrowser.CrossBrowserQueueTesting@14fc5f04]" started-at="2023-10-13T20:37:46 EDT" name="PrintmsgOnImplementationArray" finished-at="2023-10-13T20:37:51 EDT" duration-ms="4672" status="PASS">
          <reporter-output>
          </reporter-output>
        </test-method> <!-- PrintmsgOnImplementationArray -->
        <test-method is-config="true" signature="browserQuit()[pri:0, instance:crossBrowser.CrossBrowserQueueTesting@14fc5f04]" started-at="2023-10-13T20:37:51 EDT" name="browserQuit" finished-at="2023-10-13T20:37:52 EDT" duration-ms="417" status="PASS">
          <reporter-output>
          </reporter-output>
        </test-method> <!-- browserQuit -->
        <test-method is-config="true" signature="Lunchbrowser(java.lang.String)[pri:0, instance:crossBrowser.CrossBrowserQueueTesting@14fc5f04]" started-at="2023-10-13T20:37:52 EDT" name="Lunchbrowser" finished-at="2023-10-13T20:37:55 EDT" duration-ms="3550" status="PASS">
          <params>
            <param index="0">
              <value>
                <![CDATA[chrome]]>
              </value>
            </param>
          </params>
          <reporter-output>
          </reporter-output>
        </test-method> <!-- Lunchbrowser -->
        <test-method signature="QueueOperationsPage()[pri:14, instance:crossBrowser.CrossBrowserQueueTesting@14fc5f04]" started-at="2023-10-13T20:37:55 EDT" name="QueueOperationsPage" finished-at="2023-10-13T20:38:00 EDT" duration-ms="4477" status="PASS">
          <reporter-output>
          </reporter-output>
        </test-method> <!-- QueueOperationsPage -->
        <test-method is-config="true" signature="browserQuit()[pri:0, instance:crossBrowser.CrossBrowserQueueTesting@14fc5f04]" started-at="2023-10-13T20:38:00 EDT" name="browserQuit" finished-at="2023-10-13T20:38:00 EDT" duration-ms="279" status="PASS">
          <reporter-output>
          </reporter-output>
        </test-method> <!-- browserQuit -->
        <test-method is-config="true" signature="Lunchbrowser(java.lang.String)[pri:0, instance:crossBrowser.CrossBrowserQueueTesting@14fc5f04]" started-at="2023-10-13T20:38:00 EDT" name="Lunchbrowser" finished-at="2023-10-13T20:38:03 EDT" duration-ms="3285" status="PASS">
          <params>
            <param index="0">
              <value>
                <![CDATA[chrome]]>
              </value>
            </param>
          </params>
          <reporter-output>
          </reporter-output>
        </test-method> <!-- Lunchbrowser -->
        <test-method signature="tryHereOnQueueOperations()[pri:15, instance:crossBrowser.CrossBrowserQueueTesting@14fc5f04]" started-at="2023-10-13T20:38:03 EDT" name="tryHereOnQueueOperations" finished-at="2023-10-13T20:38:08 EDT" duration-ms="4827" status="PASS">
          <reporter-output>
          </reporter-output>
        </test-method> <!-- tryHereOnQueueOperations -->
        <test-method is-config="true" signature="browserQuit()[pri:0, instance:crossBrowser.CrossBrowserQueueTesting@14fc5f04]" started-at="2023-10-13T20:38:08 EDT" name="browserQuit" finished-at="2023-10-13T20:38:08 EDT" duration-ms="401" status="PASS">
          <reporter-output>
          </reporter-output>
        </test-method> <!-- browserQuit -->
        <test-method is-config="true" signature="Lunchbrowser(java.lang.String)[pri:0, instance:crossBrowser.CrossBrowserQueueTesting@14fc5f04]" started-at="2023-10-13T20:38:08 EDT" name="Lunchbrowser" finished-at="2023-10-13T20:38:13 EDT" duration-ms="4557" status="PASS">
          <params>
            <param index="0">
              <value>
                <![CDATA[chrome]]>
              </value>
            </param>
          </params>
          <reporter-output>
          </reporter-output>
        </test-method> <!-- Lunchbrowser -->
        <test-method signature="ErrormsgOnQueueOperations()[pri:16, instance:crossBrowser.CrossBrowserQueueTesting@14fc5f04]" started-at="2023-10-13T20:38:13 EDT" name="ErrormsgOnQueueOperations" finished-at="2023-10-13T20:38:20 EDT" duration-ms="6630" status="PASS">
          <reporter-output>
          </reporter-output>
        </test-method> <!-- ErrormsgOnQueueOperations -->
        <test-method is-config="true" signature="browserQuit()[pri:0, instance:crossBrowser.CrossBrowserQueueTesting@14fc5f04]" started-at="2023-10-13T20:38:20 EDT" name="browserQuit" finished-at="2023-10-13T20:38:20 EDT" duration-ms="535" status="PASS">
          <reporter-output>
          </reporter-output>
        </test-method> <!-- browserQuit -->
        <test-method is-config="true" signature="Lunchbrowser(java.lang.String)[pri:0, instance:crossBrowser.CrossBrowserQueueTesting@14fc5f04]" started-at="2023-10-13T20:38:20 EDT" name="Lunchbrowser" finished-at="2023-10-13T20:38:25 EDT" duration-ms="4493" status="PASS">
          <params>
            <param index="0">
              <value>
                <![CDATA[chrome]]>
              </value>
            </param>
          </params>
          <reporter-output>
          </reporter-output>
        </test-method> <!-- Lunchbrowser -->
        <test-method signature="PrintmsgOnQueueOperations()[pri:17, instance:crossBrowser.CrossBrowserQueueTesting@14fc5f04]" started-at="2023-10-13T20:38:25 EDT" name="PrintmsgOnQueueOperations" finished-at="2023-10-13T20:38:30 EDT" duration-ms="5597" status="PASS">
          <reporter-output>
          </reporter-output>
        </test-method> <!-- PrintmsgOnQueueOperations -->
        <test-method is-config="true" signature="browserQuit()[pri:0, instance:crossBrowser.CrossBrowserQueueTesting@14fc5f04]" started-at="2023-10-13T20:38:30 EDT" name="browserQuit" finished-at="2023-10-13T20:38:31 EDT" duration-ms="309" status="PASS">
          <reporter-output>
          </reporter-output>
        </test-method> <!-- browserQuit -->
        <test-method is-config="true" signature="Lunchbrowser(java.lang.String)[pri:0, instance:crossBrowser.CrossBrowserQueueTesting@14fc5f04]" started-at="2023-10-13T20:38:31 EDT" name="Lunchbrowser" finished-at="2023-10-13T20:38:33 EDT" duration-ms="2853" status="PASS">
          <params>
            <param index="0">
              <value>
                <![CDATA[chrome]]>
              </value>
            </param>
          </params>
          <reporter-output>
          </reporter-output>
        </test-method> <!-- Lunchbrowser -->
        <test-method signature="PracticePage()[pri:18, instance:crossBrowser.CrossBrowserQueueTesting@14fc5f04]" started-at="2023-10-13T20:38:33 EDT" name="PracticePage" finished-at="2023-10-13T20:38:37 EDT" duration-ms="4089" status="FAIL">
          <exception class="org.openqa.selenium.NoSuchElementException">
            <message>
              <![CDATA[no such element: Unable to locate element: {"method":"xpath","selector":"//a[contains(text(),'Practice Questions')]"}
  (Session info: chrome=118.0.5993.70)
For documentation on this error, please visit: https://www.selenium.dev/documentation/webdriver/troubleshooting/errors#no-such-element-exception
Build info: version: '4.12.0', revision: '249f2a7d1b*'
System info: os.name: 'Windows 11', os.arch: 'amd64', os.version: '10.0', java.version: '17.0.8'
Driver info: org.openqa.selenium.chrome.ChromeDriver
Command: [c5f0c89ed1acafb159a52f83f34fd826, findElement {using=xpath, value=//a[contains(text(),'Practice Questions')]}]
Capabilities {acceptInsecureCerts: false, browserName: chrome, browserVersion: 118.0.5993.70, chrome: {chromedriverVersion: 118.0.5993.70 (e52f33f30b91..., userDataDir: C:\Users\sheet\AppData\Loca...}, fedcm:accounts: true, goog:chromeOptions: {debuggerAddress: localhost:55136}, networkConnectionEnabled: false, pageLoadStrategy: normal, platformName: windows, proxy: Proxy(), se:cdp: ws://localhost:55136/devtoo..., se:cdpVersion: 118.0.5993.70, setWindowRect: true, strictFileInteractability: false, timeouts: {implicit: 0, pageLoad: 300000, script: 30000}, unhandledPromptBehavior: dismiss and notify, webauthn:extension:credBlob: true, webauthn:extension:largeBlob: true, webauthn:extension:minPinLength: true, webauthn:extension:prf: true, webauthn:virtualAuthenticators: true}
Session ID: c5f0c89ed1acafb159a52f83f34fd826]]>
            </message>
            <full-stacktrace>
              <![CDATA[org.openqa.selenium.NoSuchElementException: no such element: Unable to locate element: {"method":"xpath","selector":"//a[contains(text(),'Practice Questions')]"}
  (Session info: chrome=118.0.5993.70)
For documentation on this error, please visit: https://www.selenium.dev/documentation/webdriver/troubleshooting/errors#no-such-element-exception
Build info: version: '4.12.0', revision: '249f2a7d1b*'
System info: os.name: 'Windows 11', os.arch: 'amd64', os.version: '10.0', java.version: '17.0.8'
Driver info: org.openqa.selenium.chrome.ChromeDriver
Command: [c5f0c89ed1acafb159a52f83f34fd826, findElement {using=xpath, value=//a[contains(text(),'Practice Questions')]}]
Capabilities {acceptInsecureCerts: false, browserName: chrome, browserVersion: 118.0.5993.70, chrome: {chromedriverVersion: 118.0.5993.70 (e52f33f30b91..., userDataDir: C:\Users\sheet\AppData\Loca...}, fedcm:accounts: true, goog:chromeOptions: {debuggerAddress: localhost:55136}, networkConnectionEnabled: false, pageLoadStrategy: normal, platformName: windows, proxy: Proxy(), se:cdp: ws://localhost:55136/devtoo..., se:cdpVersion: 118.0.5993.70, setWindowRect: true, strictFileInteractability: false, timeouts: {implicit: 0, pageLoad: 300000, script: 30000}, unhandledPromptBehavior: dismiss and notify, webauthn:extension:credBlob: true, webauthn:extension:largeBlob: true, webauthn:extension:minPinLength: true, webauthn:extension:prf: true, webauthn:virtualAuthenticators: true}
Session ID: c5f0c89ed1acafb159a52f83f34fd826
at java.base/jdk.internal.reflect.NativeConstructorAccessorImpl.newInstance0(Native Method)
at java.base/jdk.internal.reflect.NativeConstructorAccessorImpl.newInstance(NativeConstructorAccessorImpl.java:77)
at java.base/jdk.internal.reflect.DelegatingConstructorAccessorImpl.newInstance(DelegatingConstructorAccessorImpl.java:45)
at java.base/java.lang.reflect.Constructor.newInstanceWithCaller(Constructor.java:499)
at java.base/java.lang.reflect.Constructor.newInstance(Constructor.java:480)
at org.openqa.selenium.remote.codec.w3c.W3CHttpResponseCodec.createException(W3CHttpResponseCodec.java:200)
at org.openqa.selenium.remote.codec.w3c.W3CHttpResponseCodec.decode(W3CHttpResponseCodec.java:133)
at org.openqa.selenium.remote.codec.w3c.W3CHttpResponseCodec.decode(W3CHttpResponseCodec.java:52)
at org.openqa.selenium.remote.HttpCommandExecutor.execute(HttpCommandExecutor.java:191)
at org.openqa.selenium.remote.service.DriverCommandExecutor.invokeExecute(DriverCommandExecutor.java:196)
at org.openqa.selenium.remote.service.DriverCommandExecutor.execute(DriverCommandExecutor.java:171)
at org.openqa.selenium.remote.RemoteWebDriver.execute(RemoteWebDriver.java:602)
at org.openqa.selenium.remote.ElementLocation$ElementFinder$2.findElement(ElementLocation.java:165)
at org.openqa.selenium.remote.ElementLocation.findElement(ElementLocation.java:59)
at org.openqa.selenium.remote.RemoteWebDriver.findElement(RemoteWebDriver.java:359)
at org.openqa.selenium.remote.RemoteWebDriver.findElement(RemoteWebDriver.java:353)
at crossBrowser.CrossBrowserQueueTesting.PracticePage(CrossBrowserQueueTesting.java:550)
at java.base/jdk.internal.reflect.NativeMethodAccessorImpl.invoke0(Native Method)
at java.base/jdk.internal.reflect.NativeMethodAccessorImpl.invoke(NativeMethodAccessorImpl.java:77)
at java.base/jdk.internal.reflect.DelegatingMethodAccessorImpl.invoke(DelegatingMethodAccessorImpl.java:43)
at java.base/java.lang.reflect.Method.invoke(Method.java:568)
at org.testng.internal.invokers.MethodInvocationHelper.invokeMethod(MethodInvocationHelper.java:139)
at org.testng.internal.invokers.TestInvoker.invokeMethod(TestInvoker.java:677)
at org.testng.internal.invokers.TestInvoker.invokeTestMethod(TestInvoker.java:221)
at org.testng.internal.invokers.MethodRunner.runInSequence(MethodRunner.java:50)
at org.testng.internal.invokers.TestInvoker$MethodInvocationAgent.invoke(TestInvoker.java:962)
at org.testng.internal.invokers.TestInvoker.invokeTestMethods(TestInvoker.java:194)
at org.testng.internal.invokers.TestMethodWorker.invokeTestMethods(TestMethodWorker.java:148)
at org.testng.internal.invokers.TestMethodWorker.run(TestMethodWorker.java:128)
at java.base/java.util.ArrayList.forEach(ArrayList.java:1511)
at org.testng.TestRunner.privateRun(TestRunner.java:806)
at org.testng.TestRunner.run(TestRunner.java:601)
at org.testng.SuiteRunner.runTest(SuiteRunner.java:433)
at org.testng.SuiteRunner$SuiteWorker.run(SuiteRunner.java:471)
at org.testng.internal.thread.ThreadUtil.lambda$execute$0(ThreadUtil.java:58)
at java.base/java.util.concurrent.FutureTask.run(FutureTask.java:264)
at java.base/java.util.concurrent.ThreadPoolExecutor.runWorker(ThreadPoolExecutor.java:1136)
at java.base/java.util.concurrent.ThreadPoolExecutor$Worker.run(ThreadPoolExecutor.java:635)
at java.base/java.lang.Thread.run(Thread.java:833)
]]>
            </full-stacktrace>
          </exception> <!-- org.openqa.selenium.NoSuchElementException -->
          <reporter-output>
          </reporter-output>
        </test-method> <!-- PracticePage -->
        <test-method is-config="true" signature="browserQuit()[pri:0, instance:crossBrowser.CrossBrowserQueueTesting@14fc5f04]" started-at="2023-10-13T20:38:37 EDT" name="browserQuit" finished-at="2023-10-13T20:38:38 EDT" duration-ms="495" status="PASS">
          <reporter-output>
          </reporter-output>
        </test-method> <!-- browserQuit -->
      </class> <!-- crossBrowser.CrossBrowserQueueTesting -->
    </test> <!-- Testonmychrome -->
    <test started-at="2023-10-13T20:35:42 EDT" name="Testonmyedge" finished-at="2023-10-13T20:38:39 EDT" duration-ms="176863">
      <class name="crossBrowser.CrossBrowserQueueTesting">
        <test-method is-config="true" signature="Lunchbrowser(java.lang.String)[pri:0, instance:crossBrowser.CrossBrowserQueueTesting@7ce69770]" started-at="2023-10-13T20:35:42 EDT" name="Lunchbrowser" finished-at="2023-10-13T20:35:52 EDT" duration-ms="9800" status="PASS">
          <params>
            <param index="0">
              <value>
                <![CDATA[edge]]>
              </value>
            </param>
          </params>
          <reporter-output>
          </reporter-output>
        </test-method> <!-- Lunchbrowser -->
        <test-method signature="login()[pri:1, instance:crossBrowser.CrossBrowserQueueTesting@7ce69770]" started-at="2023-10-13T20:35:52 EDT" name="login" finished-at="2023-10-13T20:35:56 EDT" duration-ms="3546" status="PASS">
          <reporter-output>
          </reporter-output>
        </test-method> <!-- login -->
        <test-method is-config="true" signature="browserQuit()[pri:0, instance:crossBrowser.CrossBrowserQueueTesting@7ce69770]" started-at="2023-10-13T20:35:56 EDT" name="browserQuit" finished-at="2023-10-13T20:35:57 EDT" duration-ms="842" status="PASS">
          <reporter-output>
          </reporter-output>
        </test-method> <!-- browserQuit -->
        <test-method is-config="true" signature="Lunchbrowser(java.lang.String)[pri:0, instance:crossBrowser.CrossBrowserQueueTesting@7ce69770]" started-at="2023-10-13T20:35:57 EDT" name="Lunchbrowser" finished-at="2023-10-13T20:36:01 EDT" duration-ms="4380" status="PASS">
          <params>
            <param index="0">
              <value>
                <![CDATA[edge]]>
              </value>
            </param>
          </params>
          <reporter-output>
          </reporter-output>
        </test-method> <!-- Lunchbrowser -->
        <test-method signature="QueuePage()[pri:2, instance:crossBrowser.CrossBrowserQueueTesting@7ce69770]" started-at="2023-10-13T20:36:01 EDT" name="QueuePage" finished-at="2023-10-13T20:36:06 EDT" duration-ms="4786" status="PASS">
          <reporter-output>
          </reporter-output>
        </test-method> <!-- QueuePage -->
        <test-method is-config="true" signature="browserQuit()[pri:0, instance:crossBrowser.CrossBrowserQueueTesting@7ce69770]" started-at="2023-10-13T20:36:06 EDT" name="browserQuit" finished-at="2023-10-13T20:36:06 EDT" duration-ms="515" status="PASS">
          <reporter-output>
          </reporter-output>
        </test-method> <!-- browserQuit -->
        <test-method is-config="true" signature="Lunchbrowser(java.lang.String)[pri:0, instance:crossBrowser.CrossBrowserQueueTesting@7ce69770]" started-at="2023-10-13T20:36:06 EDT" name="Lunchbrowser" finished-at="2023-10-13T20:36:09 EDT" duration-ms="3087" status="PASS">
          <params>
            <param index="0">
              <value>
                <![CDATA[edge]]>
              </value>
            </param>
          </params>
          <reporter-output>
          </reporter-output>
        </test-method> <!-- Lunchbrowser -->
        <test-method signature="pythonQueueImplmentationPage()[pri:3, instance:crossBrowser.CrossBrowserQueueTesting@7ce69770]" started-at="2023-10-13T20:36:09 EDT" name="pythonQueueImplmentationPage" finished-at="2023-10-13T20:36:13 EDT" duration-ms="3765" status="PASS">
          <reporter-output>
          </reporter-output>
        </test-method> <!-- pythonQueueImplmentationPage -->
        <test-method is-config="true" signature="browserQuit()[pri:0, instance:crossBrowser.CrossBrowserQueueTesting@7ce69770]" started-at="2023-10-13T20:36:13 EDT" name="browserQuit" finished-at="2023-10-13T20:36:13 EDT" duration-ms="409" status="PASS">
          <reporter-output>
          </reporter-output>
        </test-method> <!-- browserQuit -->
        <test-method is-config="true" signature="Lunchbrowser(java.lang.String)[pri:0, instance:crossBrowser.CrossBrowserQueueTesting@7ce69770]" started-at="2023-10-13T20:36:13 EDT" name="Lunchbrowser" finished-at="2023-10-13T20:36:16 EDT" duration-ms="3006" status="PASS">
          <params>
            <param index="0">
              <value>
                <![CDATA[edge]]>
              </value>
            </param>
          </params>
          <reporter-output>
          </reporter-output>
        </test-method> <!-- Lunchbrowser -->
        <test-method signature="tryHerePythonImplmentation()[pri:4, instance:crossBrowser.CrossBrowserQueueTesting@7ce69770]" started-at="2023-10-13T20:36:16 EDT" name="tryHerePythonImplmentation" finished-at="2023-10-13T20:36:23 EDT" duration-ms="6140" status="PASS">
          <reporter-output>
          </reporter-output>
        </test-method> <!-- tryHerePythonImplmentation -->
        <test-method is-config="true" signature="browserQuit()[pri:0, instance:crossBrowser.CrossBrowserQueueTesting@7ce69770]" started-at="2023-10-13T20:36:23 EDT" name="browserQuit" finished-at="2023-10-13T20:36:23 EDT" duration-ms="568" status="PASS">
          <reporter-output>
          </reporter-output>
        </test-method> <!-- browserQuit -->
        <test-method is-config="true" signature="Lunchbrowser(java.lang.String)[pri:0, instance:crossBrowser.CrossBrowserQueueTesting@7ce69770]" started-at="2023-10-13T20:36:23 EDT" name="Lunchbrowser" finished-at="2023-10-13T20:36:27 EDT" duration-ms="3425" status="PASS">
          <params>
            <param index="0">
              <value>
                <![CDATA[edge]]>
              </value>
            </param>
          </params>
          <reporter-output>
          </reporter-output>
        </test-method> <!-- Lunchbrowser -->
        <test-method signature="ErrormsgOnPythonImplmentation()[pri:5, instance:crossBrowser.CrossBrowserQueueTesting@7ce69770]" started-at="2023-10-13T20:36:27 EDT" name="ErrormsgOnPythonImplmentation" finished-at="2023-10-13T20:36:33 EDT" duration-ms="6380" status="PASS">
          <reporter-output>
          </reporter-output>
        </test-method> <!-- ErrormsgOnPythonImplmentation -->
        <test-method is-config="true" signature="browserQuit()[pri:0, instance:crossBrowser.CrossBrowserQueueTesting@7ce69770]" started-at="2023-10-13T20:36:33 EDT" name="browserQuit" finished-at="2023-10-13T20:36:34 EDT" duration-ms="905" status="PASS">
          <reporter-output>
          </reporter-output>
        </test-method> <!-- browserQuit -->
        <test-method is-config="true" signature="Lunchbrowser(java.lang.String)[pri:0, instance:crossBrowser.CrossBrowserQueueTesting@7ce69770]" started-at="2023-10-13T20:36:34 EDT" name="Lunchbrowser" finished-at="2023-10-13T20:36:38 EDT" duration-ms="4033" status="PASS">
          <params>
            <param index="0">
              <value>
                <![CDATA[edge]]>
              </value>
            </param>
          </params>
          <reporter-output>
          </reporter-output>
        </test-method> <!-- Lunchbrowser -->
        <test-method signature="PrintmsgOnPythonImplmentation()[pri:5, instance:crossBrowser.CrossBrowserQueueTesting@7ce69770]" started-at="2023-10-13T20:36:38 EDT" name="PrintmsgOnPythonImplmentation" finished-at="2023-10-13T20:36:44 EDT" duration-ms="6068" status="PASS">
          <reporter-output>
          </reporter-output>
        </test-method> <!-- PrintmsgOnPythonImplmentation -->
        <test-method is-config="true" signature="browserQuit()[pri:0, instance:crossBrowser.CrossBrowserQueueTesting@7ce69770]" started-at="2023-10-13T20:36:44 EDT" name="browserQuit" finished-at="2023-10-13T20:36:44 EDT" duration-ms="368" status="PASS">
          <reporter-output>
          </reporter-output>
        </test-method> <!-- browserQuit -->
        <test-method is-config="true" signature="Lunchbrowser(java.lang.String)[pri:0, instance:crossBrowser.CrossBrowserQueueTesting@7ce69770]" started-at="2023-10-13T20:36:44 EDT" name="Lunchbrowser" finished-at="2023-10-13T20:36:47 EDT" duration-ms="2758" status="PASS">
          <params>
            <param index="0">
              <value>
                <![CDATA[edge]]>
              </value>
            </param>
          </params>
          <reporter-output>
          </reporter-output>
        </test-method> <!-- Lunchbrowser -->
        <test-method signature="DequePage()[pri:6, instance:crossBrowser.CrossBrowserQueueTesting@7ce69770]" started-at="2023-10-13T20:36:47 EDT" name="DequePage" finished-at="2023-10-13T20:36:51 EDT" duration-ms="4191" status="PASS">
          <reporter-output>
          </reporter-output>
        </test-method> <!-- DequePage -->
        <test-method is-config="true" signature="browserQuit()[pri:0, instance:crossBrowser.CrossBrowserQueueTesting@7ce69770]" started-at="2023-10-13T20:36:51 EDT" name="browserQuit" finished-at="2023-10-13T20:36:52 EDT" duration-ms="409" status="PASS">
          <reporter-output>
          </reporter-output>
        </test-method> <!-- browserQuit -->
        <test-method is-config="true" signature="Lunchbrowser(java.lang.String)[pri:0, instance:crossBrowser.CrossBrowserQueueTesting@7ce69770]" started-at="2023-10-13T20:36:52 EDT" name="Lunchbrowser" finished-at="2023-10-13T20:36:55 EDT" duration-ms="2848" status="PASS">
          <params>
            <param index="0">
              <value>
                <![CDATA[edge]]>
              </value>
            </param>
          </params>
          <reporter-output>
          </reporter-output>
        </test-method> <!-- Lunchbrowser -->
        <test-method signature="tryHereDeque()[pri:7, instance:crossBrowser.CrossBrowserQueueTesting@7ce69770]" started-at="2023-10-13T20:36:55 EDT" name="tryHereDeque" finished-at="2023-10-13T20:37:00 EDT" duration-ms="5217" status="PASS">
          <reporter-output>
          </reporter-output>
        </test-method> <!-- tryHereDeque -->
        <test-method is-config="true" signature="browserQuit()[pri:0, instance:crossBrowser.CrossBrowserQueueTesting@7ce69770]" started-at="2023-10-13T20:37:00 EDT" name="browserQuit" finished-at="2023-10-13T20:37:00 EDT" duration-ms="448" status="PASS">
          <reporter-output>
          </reporter-output>
        </test-method> <!-- browserQuit -->
        <test-method is-config="true" signature="Lunchbrowser(java.lang.String)[pri:0, instance:crossBrowser.CrossBrowserQueueTesting@7ce69770]" started-at="2023-10-13T20:37:00 EDT" name="Lunchbrowser" finished-at="2023-10-13T20:37:03 EDT" duration-ms="2936" status="PASS">
          <params>
            <param index="0">
              <value>
                <![CDATA[edge]]>
              </value>
            </param>
          </params>
          <reporter-output>
          </reporter-output>
        </test-method> <!-- Lunchbrowser -->
        <test-method signature="ErrormsgOnDeque()[pri:8, instance:crossBrowser.CrossBrowserQueueTesting@7ce69770]" started-at="2023-10-13T20:37:03 EDT" name="ErrormsgOnDeque" finished-at="2023-10-13T20:37:08 EDT" duration-ms="4815" status="PASS">
          <reporter-output>
          </reporter-output>
        </test-method> <!-- ErrormsgOnDeque -->
        <test-method is-config="true" signature="browserQuit()[pri:0, instance:crossBrowser.CrossBrowserQueueTesting@7ce69770]" started-at="2023-10-13T20:37:08 EDT" name="browserQuit" finished-at="2023-10-13T20:37:08 EDT" duration-ms="356" status="PASS">
          <reporter-output>
          </reporter-output>
        </test-method> <!-- browserQuit -->
        <test-method is-config="true" signature="Lunchbrowser(java.lang.String)[pri:0, instance:crossBrowser.CrossBrowserQueueTesting@7ce69770]" started-at="2023-10-13T20:37:08 EDT" name="Lunchbrowser" finished-at="2023-10-13T20:37:11 EDT" duration-ms="2589" status="PASS">
          <params>
            <param index="0">
              <value>
                <![CDATA[edge]]>
              </value>
            </param>
          </params>
          <reporter-output>
          </reporter-output>
        </test-method> <!-- Lunchbrowser -->
        <test-method signature="PrintmsgOnDeque()[pri:9, instance:crossBrowser.CrossBrowserQueueTesting@7ce69770]" started-at="2023-10-13T20:37:11 EDT" name="PrintmsgOnDeque" finished-at="2023-10-13T20:37:17 EDT" duration-ms="6002" status="PASS">
          <reporter-output>
          </reporter-output>
        </test-method> <!-- PrintmsgOnDeque -->
        <test-method is-config="true" signature="browserQuit()[pri:0, instance:crossBrowser.CrossBrowserQueueTesting@7ce69770]" started-at="2023-10-13T20:37:17 EDT" name="browserQuit" finished-at="2023-10-13T20:37:17 EDT" duration-ms="405" status="PASS">
          <reporter-output>
          </reporter-output>
        </test-method> <!-- browserQuit -->
        <test-method is-config="true" signature="Lunchbrowser(java.lang.String)[pri:0, instance:crossBrowser.CrossBrowserQueueTesting@7ce69770]" started-at="2023-10-13T20:37:17 EDT" name="Lunchbrowser" finished-at="2023-10-13T20:37:21 EDT" duration-ms="3143" status="PASS">
          <params>
            <param index="0">
              <value>
                <![CDATA[edge]]>
              </value>
            </param>
          </params>
          <reporter-output>
          </reporter-output>
        </test-method> <!-- Lunchbrowser -->
        <test-method signature="OnImplementationArrayPage()[pri:10, instance:crossBrowser.CrossBrowserQueueTesting@7ce69770]" started-at="2023-10-13T20:37:21 EDT" name="OnImplementationArrayPage" finished-at="2023-10-13T20:37:25 EDT" duration-ms="4661" status="PASS">
          <reporter-output>
          </reporter-output>
        </test-method> <!-- OnImplementationArrayPage -->
        <test-method is-config="true" signature="browserQuit()[pri:0, instance:crossBrowser.CrossBrowserQueueTesting@7ce69770]" started-at="2023-10-13T20:37:25 EDT" name="browserQuit" finished-at="2023-10-13T20:37:26 EDT" duration-ms="418" status="PASS">
          <reporter-output>
          </reporter-output>
        </test-method> <!-- browserQuit -->
        <test-method is-config="true" signature="Lunchbrowser(java.lang.String)[pri:0, instance:crossBrowser.CrossBrowserQueueTesting@7ce69770]" started-at="2023-10-13T20:37:26 EDT" name="Lunchbrowser" finished-at="2023-10-13T20:37:28 EDT" duration-ms="2659" status="PASS">
          <params>
            <param index="0">
              <value>
                <![CDATA[edge]]>
              </value>
            </param>
          </params>
          <reporter-output>
          </reporter-output>
        </test-method> <!-- Lunchbrowser -->
        <test-method signature="tryHereOnImplementationArray()[pri:11, instance:crossBrowser.CrossBrowserQueueTesting@7ce69770]" started-at="2023-10-13T20:37:28 EDT" name="tryHereOnImplementationArray" finished-at="2023-10-13T20:37:34 EDT" duration-ms="5255" status="PASS">
          <reporter-output>
          </reporter-output>
        </test-method> <!-- tryHereOnImplementationArray -->
        <test-method is-config="true" signature="browserQuit()[pri:0, instance:crossBrowser.CrossBrowserQueueTesting@7ce69770]" started-at="2023-10-13T20:37:34 EDT" name="browserQuit" finished-at="2023-10-13T20:37:34 EDT" duration-ms="704" status="PASS">
          <reporter-output>
          </reporter-output>
        </test-method> <!-- browserQuit -->
        <test-method is-config="true" signature="Lunchbrowser(java.lang.String)[pri:0, instance:crossBrowser.CrossBrowserQueueTesting@7ce69770]" started-at="2023-10-13T20:37:34 EDT" name="Lunchbrowser" finished-at="2023-10-13T20:37:38 EDT" duration-ms="4130" status="PASS">
          <params>
            <param index="0">
              <value>
                <![CDATA[edge]]>
              </value>
            </param>
          </params>
          <reporter-output>
          </reporter-output>
        </test-method> <!-- Lunchbrowser -->
        <test-method signature="ErrormsgOnPrintmsgOnImplementationArray()[pri:12, instance:crossBrowser.CrossBrowserQueueTesting@7ce69770]" started-at="2023-10-13T20:37:38 EDT" name="ErrormsgOnPrintmsgOnImplementationArray" finished-at="2023-10-13T20:37:43 EDT" duration-ms="5127" status="PASS">
          <reporter-output>
          </reporter-output>
        </test-method> <!-- ErrormsgOnPrintmsgOnImplementationArray -->
        <test-method is-config="true" signature="browserQuit()[pri:0, instance:crossBrowser.CrossBrowserQueueTesting@7ce69770]" started-at="2023-10-13T20:37:43 EDT" name="browserQuit" finished-at="2023-10-13T20:37:44 EDT" duration-ms="427" status="PASS">
          <reporter-output>
          </reporter-output>
        </test-method> <!-- browserQuit -->
        <test-method is-config="true" signature="Lunchbrowser(java.lang.String)[pri:0, instance:crossBrowser.CrossBrowserQueueTesting@7ce69770]" started-at="2023-10-13T20:37:44 EDT" name="Lunchbrowser" finished-at="2023-10-13T20:37:47 EDT" duration-ms="2961" status="PASS">
          <params>
            <param index="0">
              <value>
                <![CDATA[edge]]>
              </value>
            </param>
          </params>
          <reporter-output>
          </reporter-output>
        </test-method> <!-- Lunchbrowser -->
        <test-method signature="PrintmsgOnImplementationArray()[pri:13, instance:crossBrowser.CrossBrowserQueueTesting@7ce69770]" started-at="2023-10-13T20:37:47 EDT" name="PrintmsgOnImplementationArray" finished-at="2023-10-13T20:37:51 EDT" duration-ms="4230" status="PASS">
          <reporter-output>
          </reporter-output>
        </test-method> <!-- PrintmsgOnImplementationArray -->
        <test-method is-config="true" signature="browserQuit()[pri:0, instance:crossBrowser.CrossBrowserQueueTesting@7ce69770]" started-at="2023-10-13T20:37:51 EDT" name="browserQuit" finished-at="2023-10-13T20:37:52 EDT" duration-ms="510" status="PASS">
          <reporter-output>
          </reporter-output>
        </test-method> <!-- browserQuit -->
        <test-method is-config="true" signature="Lunchbrowser(java.lang.String)[pri:0, instance:crossBrowser.CrossBrowserQueueTesting@7ce69770]" started-at="2023-10-13T20:37:52 EDT" name="Lunchbrowser" finished-at="2023-10-13T20:37:55 EDT" duration-ms="3880" status="PASS">
          <params>
            <param index="0">
              <value>
                <![CDATA[edge]]>
              </value>
            </param>
          </params>
          <reporter-output>
          </reporter-output>
        </test-method> <!-- Lunchbrowser -->
        <test-method signature="QueueOperationsPage()[pri:14, instance:crossBrowser.CrossBrowserQueueTesting@7ce69770]" started-at="2023-10-13T20:37:55 EDT" name="QueueOperationsPage" finished-at="2023-10-13T20:37:59 EDT" duration-ms="3873" status="PASS">
          <reporter-output>
          </reporter-output>
        </test-method> <!-- QueueOperationsPage -->
        <test-method is-config="true" signature="browserQuit()[pri:0, instance:crossBrowser.CrossBrowserQueueTesting@7ce69770]" started-at="2023-10-13T20:37:59 EDT" name="browserQuit" finished-at="2023-10-13T20:38:00 EDT" duration-ms="499" status="PASS">
          <reporter-output>
          </reporter-output>
        </test-method> <!-- browserQuit -->
        <test-method is-config="true" signature="Lunchbrowser(java.lang.String)[pri:0, instance:crossBrowser.CrossBrowserQueueTesting@7ce69770]" started-at="2023-10-13T20:38:00 EDT" name="Lunchbrowser" finished-at="2023-10-13T20:38:04 EDT" duration-ms="4119" status="PASS">
          <params>
            <param index="0">
              <value>
                <![CDATA[edge]]>
              </value>
            </param>
          </params>
          <reporter-output>
          </reporter-output>
        </test-method> <!-- Lunchbrowser -->
        <test-method signature="tryHereOnQueueOperations()[pri:15, instance:crossBrowser.CrossBrowserQueueTesting@7ce69770]" started-at="2023-10-13T20:38:04 EDT" name="tryHereOnQueueOperations" finished-at="2023-10-13T20:38:08 EDT" duration-ms="4315" status="PASS">
          <reporter-output>
          </reporter-output>
        </test-method> <!-- tryHereOnQueueOperations -->
        <test-method is-config="true" signature="browserQuit()[pri:0, instance:crossBrowser.CrossBrowserQueueTesting@7ce69770]" started-at="2023-10-13T20:38:08 EDT" name="browserQuit" finished-at="2023-10-13T20:38:09 EDT" duration-ms="942" status="PASS">
          <reporter-output>
          </reporter-output>
        </test-method> <!-- browserQuit -->
        <test-method is-config="true" signature="Lunchbrowser(java.lang.String)[pri:0, instance:crossBrowser.CrossBrowserQueueTesting@7ce69770]" started-at="2023-10-13T20:38:09 EDT" name="Lunchbrowser" finished-at="2023-10-13T20:38:13 EDT" duration-ms="4142" status="PASS">
          <params>
            <param index="0">
              <value>
                <![CDATA[edge]]>
              </value>
            </param>
          </params>
          <reporter-output>
          </reporter-output>
        </test-method> <!-- Lunchbrowser -->
        <test-method signature="ErrormsgOnQueueOperations()[pri:16, instance:crossBrowser.CrossBrowserQueueTesting@7ce69770]" started-at="2023-10-13T20:38:13 EDT" name="ErrormsgOnQueueOperations" finished-at="2023-10-13T20:38:19 EDT" duration-ms="5900" status="PASS">
          <reporter-output>
          </reporter-output>
        </test-method> <!-- ErrormsgOnQueueOperations -->
        <test-method is-config="true" signature="browserQuit()[pri:0, instance:crossBrowser.CrossBrowserQueueTesting@7ce69770]" started-at="2023-10-13T20:38:19 EDT" name="browserQuit" finished-at="2023-10-13T20:38:20 EDT" duration-ms="849" status="PASS">
          <reporter-output>
          </reporter-output>
        </test-method> <!-- browserQuit -->
        <test-method is-config="true" signature="Lunchbrowser(java.lang.String)[pri:0, instance:crossBrowser.CrossBrowserQueueTesting@7ce69770]" started-at="2023-10-13T20:38:20 EDT" name="Lunchbrowser" finished-at="2023-10-13T20:38:26 EDT" duration-ms="5630" status="PASS">
          <params>
            <param index="0">
              <value>
                <![CDATA[edge]]>
              </value>
            </param>
          </params>
          <reporter-output>
          </reporter-output>
        </test-method> <!-- Lunchbrowser -->
        <test-method signature="PrintmsgOnQueueOperations()[pri:17, instance:crossBrowser.CrossBrowserQueueTesting@7ce69770]" started-at="2023-10-13T20:38:26 EDT" name="PrintmsgOnQueueOperations" finished-at="2023-10-13T20:38:31 EDT" duration-ms="4789" status="PASS">
          <reporter-output>
          </reporter-output>
        </test-method> <!-- PrintmsgOnQueueOperations -->
        <test-method is-config="true" signature="browserQuit()[pri:0, instance:crossBrowser.CrossBrowserQueueTesting@7ce69770]" started-at="2023-10-13T20:38:31 EDT" name="browserQuit" finished-at="2023-10-13T20:38:31 EDT" duration-ms="429" status="PASS">
          <reporter-output>
          </reporter-output>
        </test-method> <!-- browserQuit -->
        <test-method is-config="true" signature="Lunchbrowser(java.lang.String)[pri:0, instance:crossBrowser.CrossBrowserQueueTesting@7ce69770]" started-at="2023-10-13T20:38:31 EDT" name="Lunchbrowser" finished-at="2023-10-13T20:38:35 EDT" duration-ms="4023" status="PASS">
          <params>
            <param index="0">
              <value>
                <![CDATA[edge]]>
              </value>
            </param>
          </params>
          <reporter-output>
          </reporter-output>
        </test-method> <!-- Lunchbrowser -->
        <test-method signature="PracticePage()[pri:18, instance:crossBrowser.CrossBrowserQueueTesting@7ce69770]" started-at="2023-10-13T20:38:35 EDT" name="PracticePage" finished-at="2023-10-13T20:38:39 EDT" duration-ms="3562" status="FAIL">
          <exception class="org.openqa.selenium.NoSuchElementException">
            <message>
              <![CDATA[no such element: Unable to locate element: {"method":"xpath","selector":"//a[contains(text(),'Practice Questions')]"}
  (Session info: MicrosoftEdge=118.0.2088.46)
For documentation on this error, please visit: https://www.selenium.dev/documentation/webdriver/troubleshooting/errors#no-such-element-exception
Build info: version: '4.12.0', revision: '249f2a7d1b*'
System info: os.name: 'Windows 11', os.arch: 'amd64', os.version: '10.0', java.version: '17.0.8'
Driver info: org.openqa.selenium.edge.EdgeDriver
Command: [d4e530739c1925ae657dd712b88e8255, findElement {using=xpath, value=//a[contains(text(),'Practice Questions')]}]
Capabilities {acceptInsecureCerts: false, browserName: msedge, browserVersion: 118.0.2088.46, fedcm:accounts: true, ms:edgeOptions: {debuggerAddress: localhost:55143}, msedge: {msedgedriverVersion: 118.0.2088.46 (175bd6acfc46..., userDataDir: C:\Users\sheet\AppData\Loca...}, networkConnectionEnabled: false, pageLoadStrategy: normal, platformName: windows, proxy: Proxy(), se:cdp: ws://localhost:55143/devtoo..., se:cdpVersion: 118.0.2088.46, setWindowRect: true, strictFileInteractability: false, timeouts: {implicit: 0, pageLoad: 300000, script: 30000}, unhandledPromptBehavior: dismiss and notify, webauthn:extension:credBlob: true, webauthn:extension:largeBlob: true, webauthn:extension:minPinLength: true, webauthn:extension:prf: true, webauthn:virtualAuthenticators: true}
Session ID: d4e530739c1925ae657dd712b88e8255]]>
            </message>
            <full-stacktrace>
              <![CDATA[org.openqa.selenium.NoSuchElementException: no such element: Unable to locate element: {"method":"xpath","selector":"//a[contains(text(),'Practice Questions')]"}
  (Session info: MicrosoftEdge=118.0.2088.46)
For documentation on this error, please visit: https://www.selenium.dev/documentation/webdriver/troubleshooting/errors#no-such-element-exception
Build info: version: '4.12.0', revision: '249f2a7d1b*'
System info: os.name: 'Windows 11', os.arch: 'amd64', os.version: '10.0', java.version: '17.0.8'
Driver info: org.openqa.selenium.edge.EdgeDriver
Command: [d4e530739c1925ae657dd712b88e8255, findElement {using=xpath, value=//a[contains(text(),'Practice Questions')]}]
Capabilities {acceptInsecureCerts: false, browserName: msedge, browserVersion: 118.0.2088.46, fedcm:accounts: true, ms:edgeOptions: {debuggerAddress: localhost:55143}, msedge: {msedgedriverVersion: 118.0.2088.46 (175bd6acfc46..., userDataDir: C:\Users\sheet\AppData\Loca...}, networkConnectionEnabled: false, pageLoadStrategy: normal, platformName: windows, proxy: Proxy(), se:cdp: ws://localhost:55143/devtoo..., se:cdpVersion: 118.0.2088.46, setWindowRect: true, strictFileInteractability: false, timeouts: {implicit: 0, pageLoad: 300000, script: 30000}, unhandledPromptBehavior: dismiss and notify, webauthn:extension:credBlob: true, webauthn:extension:largeBlob: true, webauthn:extension:minPinLength: true, webauthn:extension:prf: true, webauthn:virtualAuthenticators: true}
Session ID: d4e530739c1925ae657dd712b88e8255
at java.base/jdk.internal.reflect.NativeConstructorAccessorImpl.newInstance0(Native Method)
at java.base/jdk.internal.reflect.NativeConstructorAccessorImpl.newInstance(NativeConstructorAccessorImpl.java:77)
at java.base/jdk.internal.reflect.DelegatingConstructorAccessorImpl.newInstance(DelegatingConstructorAccessorImpl.java:45)
at java.base/java.lang.reflect.Constructor.newInstanceWithCaller(Constructor.java:499)
at java.base/java.lang.reflect.Constructor.newInstance(Constructor.java:480)
at org.openqa.selenium.remote.codec.w3c.W3CHttpResponseCodec.createException(W3CHttpResponseCodec.java:200)
at org.openqa.selenium.remote.codec.w3c.W3CHttpResponseCodec.decode(W3CHttpResponseCodec.java:133)
at org.openqa.selenium.remote.codec.w3c.W3CHttpResponseCodec.decode(W3CHttpResponseCodec.java:52)
at org.openqa.selenium.remote.HttpCommandExecutor.execute(HttpCommandExecutor.java:191)
at org.openqa.selenium.remote.service.DriverCommandExecutor.invokeExecute(DriverCommandExecutor.java:196)
at org.openqa.selenium.remote.service.DriverCommandExecutor.execute(DriverCommandExecutor.java:171)
at org.openqa.selenium.remote.RemoteWebDriver.execute(RemoteWebDriver.java:602)
at org.openqa.selenium.remote.ElementLocation$ElementFinder$2.findElement(ElementLocation.java:165)
at org.openqa.selenium.remote.ElementLocation.findElement(ElementLocation.java:59)
at org.openqa.selenium.remote.RemoteWebDriver.findElement(RemoteWebDriver.java:359)
at org.openqa.selenium.remote.RemoteWebDriver.findElement(RemoteWebDriver.java:353)
at crossBrowser.CrossBrowserQueueTesting.PracticePage(CrossBrowserQueueTesting.java:550)
at java.base/jdk.internal.reflect.NativeMethodAccessorImpl.invoke0(Native Method)
at java.base/jdk.internal.reflect.NativeMethodAccessorImpl.invoke(NativeMethodAccessorImpl.java:77)
at java.base/jdk.internal.reflect.DelegatingMethodAccessorImpl.invoke(DelegatingMethodAccessorImpl.java:43)
at java.base/java.lang.reflect.Method.invoke(Method.java:568)
at org.testng.internal.invokers.MethodInvocationHelper.invokeMethod(MethodInvocationHelper.java:139)
at org.testng.internal.invokers.TestInvoker.invokeMethod(TestInvoker.java:677)
at org.testng.internal.invokers.TestInvoker.invokeTestMethod(TestInvoker.java:221)
at org.testng.internal.invokers.MethodRunner.runInSequence(MethodRunner.java:50)
at org.testng.internal.invokers.TestInvoker$MethodInvocationAgent.invoke(TestInvoker.java:962)
at org.testng.internal.invokers.TestInvoker.invokeTestMethods(TestInvoker.java:194)
at org.testng.internal.invokers.TestMethodWorker.invokeTestMethods(TestMethodWorker.java:148)
at org.testng.internal.invokers.TestMethodWorker.run(TestMethodWorker.java:128)
at java.base/java.util.ArrayList.forEach(ArrayList.java:1511)
at org.testng.TestRunner.privateRun(TestRunner.java:806)
at org.testng.TestRunner.run(TestRunner.java:601)
at org.testng.SuiteRunner.runTest(SuiteRunner.java:433)
at org.testng.SuiteRunner$SuiteWorker.run(SuiteRunner.java:471)
at org.testng.internal.thread.ThreadUtil.lambda$execute$0(ThreadUtil.java:58)
at java.base/java.util.concurrent.FutureTask.run(FutureTask.java:264)
at java.base/java.util.concurrent.ThreadPoolExecutor.runWorker(ThreadPoolExecutor.java:1136)
at java.base/java.util.concurrent.ThreadPoolExecutor$Worker.run(ThreadPoolExecutor.java:635)
at java.base/java.lang.Thread.run(Thread.java:833)
]]>
            </full-stacktrace>
          </exception> <!-- org.openqa.selenium.NoSuchElementException -->
          <reporter-output>
          </reporter-output>
        </test-method> <!-- PracticePage -->
        <test-method is-config="true" signature="browserQuit()[pri:0, instance:crossBrowser.CrossBrowserQueueTesting@7ce69770]" started-at="2023-10-13T20:38:39 EDT" name="browserQuit" finished-at="2023-10-13T20:38:39 EDT" duration-ms="370" status="PASS">
          <reporter-output>
          </reporter-output>
        </test-method> <!-- browserQuit -->
      </class> <!-- crossBrowser.CrossBrowserQueueTesting -->
    </test> <!-- Testonmyedge -->
    <test started-at="2023-10-13T20:35:42 EDT" name="Testonmyfirefox" finished-at="2023-10-13T20:40:52 EDT" duration-ms="309411">
      <class name="crossBrowser.CrossBrowserQueueTesting">
        <test-method is-config="true" signature="Lunchbrowser(java.lang.String)[pri:0, instance:crossBrowser.CrossBrowserQueueTesting@333d4a8c]" started-at="2023-10-13T20:35:42 EDT" name="Lunchbrowser" finished-at="2023-10-13T20:36:03 EDT" duration-ms="21052" status="PASS">
          <params>
            <param index="0">
              <value>
                <![CDATA[firefox]]>
              </value>
            </param>
          </params>
          <reporter-output>
          </reporter-output>
        </test-method> <!-- Lunchbrowser -->
        <test-method signature="login()[pri:1, instance:crossBrowser.CrossBrowserQueueTesting@333d4a8c]" started-at="2023-10-13T20:36:03 EDT" name="login" finished-at="2023-10-13T20:36:07 EDT" duration-ms="4081" status="PASS">
          <reporter-output>
          </reporter-output>
        </test-method> <!-- login -->
        <test-method is-config="true" signature="browserQuit()[pri:0, instance:crossBrowser.CrossBrowserQueueTesting@333d4a8c]" started-at="2023-10-13T20:36:07 EDT" name="browserQuit" finished-at="2023-10-13T20:36:12 EDT" duration-ms="4069" status="PASS">
          <reporter-output>
          </reporter-output>
        </test-method> <!-- browserQuit -->
        <test-method is-config="true" signature="Lunchbrowser(java.lang.String)[pri:0, instance:crossBrowser.CrossBrowserQueueTesting@333d4a8c]" started-at="2023-10-13T20:36:12 EDT" name="Lunchbrowser" finished-at="2023-10-13T20:36:20 EDT" duration-ms="8664" status="PASS">
          <params>
            <param index="0">
              <value>
                <![CDATA[firefox]]>
              </value>
            </param>
          </params>
          <reporter-output>
          </reporter-output>
        </test-method> <!-- Lunchbrowser -->
        <test-method signature="QueuePage()[pri:2, instance:crossBrowser.CrossBrowserQueueTesting@333d4a8c]" started-at="2023-10-13T20:36:20 EDT" name="QueuePage" finished-at="2023-10-13T20:36:24 EDT" duration-ms="3897" status="PASS">
          <reporter-output>
          </reporter-output>
        </test-method> <!-- QueuePage -->
        <test-method is-config="true" signature="browserQuit()[pri:0, instance:crossBrowser.CrossBrowserQueueTesting@333d4a8c]" started-at="2023-10-13T20:36:24 EDT" name="browserQuit" finished-at="2023-10-13T20:36:28 EDT" duration-ms="4383" status="PASS">
          <reporter-output>
          </reporter-output>
        </test-method> <!-- browserQuit -->
        <test-method is-config="true" signature="Lunchbrowser(java.lang.String)[pri:0, instance:crossBrowser.CrossBrowserQueueTesting@333d4a8c]" started-at="2023-10-13T20:36:28 EDT" name="Lunchbrowser" finished-at="2023-10-13T20:36:37 EDT" duration-ms="8224" status="PASS">
          <params>
            <param index="0">
              <value>
                <![CDATA[firefox]]>
              </value>
            </param>
          </params>
          <reporter-output>
          </reporter-output>
        </test-method> <!-- Lunchbrowser -->
        <test-method signature="pythonQueueImplmentationPage()[pri:3, instance:crossBrowser.CrossBrowserQueueTesting@333d4a8c]" started-at="2023-10-13T20:36:37 EDT" name="pythonQueueImplmentationPage" finished-at="2023-10-13T20:36:44 EDT" duration-ms="6870" status="PASS">
          <reporter-output>
          </reporter-output>
        </test-method> <!-- pythonQueueImplmentationPage -->
        <test-method is-config="true" signature="browserQuit()[pri:0, instance:crossBrowser.CrossBrowserQueueTesting@333d4a8c]" started-at="2023-10-13T20:36:44 EDT" name="browserQuit" finished-at="2023-10-13T20:36:46 EDT" duration-ms="2320" status="PASS">
          <reporter-output>
          </reporter-output>
        </test-method> <!-- browserQuit -->
        <test-method is-config="true" signature="Lunchbrowser(java.lang.String)[pri:0, instance:crossBrowser.CrossBrowserQueueTesting@333d4a8c]" started-at="2023-10-13T20:36:46 EDT" name="Lunchbrowser" finished-at="2023-10-13T20:36:57 EDT" duration-ms="10646" status="PASS">
          <params>
            <param index="0">
              <value>
                <![CDATA[firefox]]>
              </value>
            </param>
          </params>
          <reporter-output>
          </reporter-output>
        </test-method> <!-- Lunchbrowser -->
        <test-method signature="tryHerePythonImplmentation()[pri:4, instance:crossBrowser.CrossBrowserQueueTesting@333d4a8c]" started-at="2023-10-13T20:36:57 EDT" name="tryHerePythonImplmentation" finished-at="2023-10-13T20:37:02 EDT" duration-ms="5454" status="PASS">
          <reporter-output>
          </reporter-output>
        </test-method> <!-- tryHerePythonImplmentation -->
        <test-method is-config="true" signature="browserQuit()[pri:0, instance:crossBrowser.CrossBrowserQueueTesting@333d4a8c]" started-at="2023-10-13T20:37:02 EDT" name="browserQuit" finished-at="2023-10-13T20:37:08 EDT" duration-ms="5565" status="PASS">
          <reporter-output>
          </reporter-output>
        </test-method> <!-- browserQuit -->
        <test-method is-config="true" signature="Lunchbrowser(java.lang.String)[pri:0, instance:crossBrowser.CrossBrowserQueueTesting@333d4a8c]" started-at="2023-10-13T20:37:08 EDT" name="Lunchbrowser" finished-at="2023-10-13T20:37:17 EDT" duration-ms="9293" status="PASS">
          <params>
            <param index="0">
              <value>
                <![CDATA[firefox]]>
              </value>
            </param>
          </params>
          <reporter-output>
          </reporter-output>
        </test-method> <!-- Lunchbrowser -->
        <test-method signature="ErrormsgOnPythonImplmentation()[pri:5, instance:crossBrowser.CrossBrowserQueueTesting@333d4a8c]" started-at="2023-10-13T20:37:17 EDT" name="ErrormsgOnPythonImplmentation" finished-at="2023-10-13T20:37:23 EDT" duration-ms="5880" status="FAIL">
          <exception class="org.openqa.selenium.NoAlertPresentException">
            <message>
              <![CDATA[Build info: version: '4.12.0', revision: '249f2a7d1b*'
System info: os.name: 'Windows 11', os.arch: 'amd64', os.version: '10.0', java.version: '17.0.8'
Driver info: org.openqa.selenium.firefox.FirefoxDriver
Command: [7986e659-5689-467b-9d84-24e0b810b0fd, getAlertText {}]
Capabilities {acceptInsecureCerts: true, browserName: firefox, browserVersion: 118.0.2, moz:accessibilityChecks: false, moz:buildID: 20231009140911, moz:debuggerAddress: 127.0.0.1:7997, moz:geckodriverVersion: 0.33.0, moz:headless: false, moz:platformVersion: 10.0, moz:processID: 11596, moz:profile: C:\Users\sheet\AppData\Loca..., moz:shutdownTimeout: 60000, moz:webdriverClick: true, moz:windowless: false, pageLoadStrategy: normal, platformName: windows, proxy: Proxy(), se:cdp: ws://127.0.0.1:7997/devtool..., se:cdpVersion: 85.0, setWindowRect: true, strictFileInteractability: false, timeouts: {implicit: 0, pageLoad: 300000, script: 30000}, unhandledPromptBehavior: dismiss and notify}
Session ID: 7986e659-5689-467b-9d84-24e0b810b0fd]]>
            </message>
            <full-stacktrace>
              <![CDATA[org.openqa.selenium.NoAlertPresentException: Build info: version: '4.12.0', revision: '249f2a7d1b*'
System info: os.name: 'Windows 11', os.arch: 'amd64', os.version: '10.0', java.version: '17.0.8'
Driver info: org.openqa.selenium.firefox.FirefoxDriver
Command: [7986e659-5689-467b-9d84-24e0b810b0fd, getAlertText {}]
Capabilities {acceptInsecureCerts: true, browserName: firefox, browserVersion: 118.0.2, moz:accessibilityChecks: false, moz:buildID: 20231009140911, moz:debuggerAddress: 127.0.0.1:7997, moz:geckodriverVersion: 0.33.0, moz:headless: false, moz:platformVersion: 10.0, moz:processID: 11596, moz:profile: C:\Users\sheet\AppData\Loca..., moz:shutdownTimeout: 60000, moz:webdriverClick: true, moz:windowless: false, pageLoadStrategy: normal, platformName: windows, proxy: Proxy(), se:cdp: ws://127.0.0.1:7997/devtool..., se:cdpVersion: 85.0, setWindowRect: true, strictFileInteractability: false, timeouts: {implicit: 0, pageLoad: 300000, script: 30000}, unhandledPromptBehavior: dismiss and notify}
Session ID: 7986e659-5689-467b-9d84-24e0b810b0fd
at java.base/jdk.internal.reflect.NativeConstructorAccessorImpl.newInstance0(Native Method)
at java.base/jdk.internal.reflect.NativeConstructorAccessorImpl.newInstance(NativeConstructorAccessorImpl.java:77)
at java.base/jdk.internal.reflect.DelegatingConstructorAccessorImpl.newInstance(DelegatingConstructorAccessorImpl.java:45)
at java.base/java.lang.reflect.Constructor.newInstanceWithCaller(Constructor.java:499)
at java.base/java.lang.reflect.Constructor.newInstance(Constructor.java:480)
at org.openqa.selenium.remote.codec.w3c.W3CHttpResponseCodec.createException(W3CHttpResponseCodec.java:200)
at org.openqa.selenium.remote.codec.w3c.W3CHttpResponseCodec.decode(W3CHttpResponseCodec.java:133)
at org.openqa.selenium.remote.codec.w3c.W3CHttpResponseCodec.decode(W3CHttpResponseCodec.java:52)
at org.openqa.selenium.remote.HttpCommandExecutor.execute(HttpCommandExecutor.java:191)
at org.openqa.selenium.remote.service.DriverCommandExecutor.invokeExecute(DriverCommandExecutor.java:196)
at org.openqa.selenium.remote.service.DriverCommandExecutor.execute(DriverCommandExecutor.java:171)
at org.openqa.selenium.remote.RemoteWebDriver.execute(RemoteWebDriver.java:602)
at org.openqa.selenium.remote.RemoteWebDriver.execute(RemoteWebDriver.java:675)
at org.openqa.selenium.remote.RemoteWebDriver.execute(RemoteWebDriver.java:679)
at org.openqa.selenium.remote.RemoteWebDriver$RemoteTargetLocator.alert(RemoteWebDriver.java:1191)
at crossBrowser.CrossBrowserQueueTesting.ErrormsgOnPythonImplmentation(CrossBrowserQueueTesting.java:161)
at java.base/jdk.internal.reflect.NativeMethodAccessorImpl.invoke0(Native Method)
at java.base/jdk.internal.reflect.NativeMethodAccessorImpl.invoke(NativeMethodAccessorImpl.java:77)
at java.base/jdk.internal.reflect.DelegatingMethodAccessorImpl.invoke(DelegatingMethodAccessorImpl.java:43)
at java.base/java.lang.reflect.Method.invoke(Method.java:568)
at org.testng.internal.invokers.MethodInvocationHelper.invokeMethod(MethodInvocationHelper.java:139)
at org.testng.internal.invokers.TestInvoker.invokeMethod(TestInvoker.java:677)
at org.testng.internal.invokers.TestInvoker.invokeTestMethod(TestInvoker.java:221)
at org.testng.internal.invokers.MethodRunner.runInSequence(MethodRunner.java:50)
at org.testng.internal.invokers.TestInvoker$MethodInvocationAgent.invoke(TestInvoker.java:962)
at org.testng.internal.invokers.TestInvoker.invokeTestMethods(TestInvoker.java:194)
at org.testng.internal.invokers.TestMethodWorker.invokeTestMethods(TestMethodWorker.java:148)
at org.testng.internal.invokers.TestMethodWorker.run(TestMethodWorker.java:128)
at java.base/java.util.ArrayList.forEach(ArrayList.java:1511)
at org.testng.TestRunner.privateRun(TestRunner.java:806)
at org.testng.TestRunner.run(TestRunner.java:601)
at org.testng.SuiteRunner.runTest(SuiteRunner.java:433)
at org.testng.SuiteRunner$SuiteWorker.run(SuiteRunner.java:471)
at org.testng.internal.thread.ThreadUtil.lambda$execute$0(ThreadUtil.java:58)
at java.base/java.util.concurrent.FutureTask.run(FutureTask.java:264)
at java.base/java.util.concurrent.ThreadPoolExecutor.runWorker(ThreadPoolExecutor.java:1136)
at java.base/java.util.concurrent.ThreadPoolExecutor$Worker.run(ThreadPoolExecutor.java:635)
at java.base/java.lang.Thread.run(Thread.java:833)
]]>
            </full-stacktrace>
          </exception> <!-- org.openqa.selenium.NoAlertPresentException -->
          <reporter-output>
          </reporter-output>
        </test-method> <!-- ErrormsgOnPythonImplmentation -->
        <test-method is-config="true" signature="browserQuit()[pri:0, instance:crossBrowser.CrossBrowserQueueTesting@333d4a8c]" started-at="2023-10-13T20:37:23 EDT" name="browserQuit" finished-at="2023-10-13T20:37:27 EDT" duration-ms="3974" status="PASS">
          <reporter-output>
          </reporter-output>
        </test-method> <!-- browserQuit -->
        <test-method is-config="true" signature="Lunchbrowser(java.lang.String)[pri:0, instance:crossBrowser.CrossBrowserQueueTesting@333d4a8c]" started-at="2023-10-13T20:37:27 EDT" name="Lunchbrowser" finished-at="2023-10-13T20:37:36 EDT" duration-ms="8900" status="PASS">
          <params>
            <param index="0">
              <value>
                <![CDATA[firefox]]>
              </value>
            </param>
          </params>
          <reporter-output>
          </reporter-output>
        </test-method> <!-- Lunchbrowser -->
        <test-method signature="PrintmsgOnPythonImplmentation()[pri:5, instance:crossBrowser.CrossBrowserQueueTesting@333d4a8c]" started-at="2023-10-13T20:37:36 EDT" name="PrintmsgOnPythonImplmentation" finished-at="2023-10-13T20:37:44 EDT" duration-ms="7947" status="PASS">
          <reporter-output>
          </reporter-output>
        </test-method> <!-- PrintmsgOnPythonImplmentation -->
        <test-method is-config="true" signature="browserQuit()[pri:0, instance:crossBrowser.CrossBrowserQueueTesting@333d4a8c]" started-at="2023-10-13T20:37:44 EDT" name="browserQuit" finished-at="2023-10-13T20:37:47 EDT" duration-ms="2968" status="PASS">
          <reporter-output>
          </reporter-output>
        </test-method> <!-- browserQuit -->
        <test-method is-config="true" signature="Lunchbrowser(java.lang.String)[pri:0, instance:crossBrowser.CrossBrowserQueueTesting@333d4a8c]" started-at="2023-10-13T20:37:47 EDT" name="Lunchbrowser" finished-at="2023-10-13T20:37:56 EDT" duration-ms="9507" status="PASS">
          <params>
            <param index="0">
              <value>
                <![CDATA[firefox]]>
              </value>
            </param>
          </params>
          <reporter-output>
          </reporter-output>
        </test-method> <!-- Lunchbrowser -->
        <test-method signature="DequePage()[pri:6, instance:crossBrowser.CrossBrowserQueueTesting@333d4a8c]" started-at="2023-10-13T20:37:56 EDT" name="DequePage" finished-at="2023-10-13T20:38:01 EDT" duration-ms="4897" status="PASS">
          <reporter-output>
          </reporter-output>
        </test-method> <!-- DequePage -->
        <test-method is-config="true" signature="browserQuit()[pri:0, instance:crossBrowser.CrossBrowserQueueTesting@333d4a8c]" started-at="2023-10-13T20:38:01 EDT" name="browserQuit" finished-at="2023-10-13T20:38:04 EDT" duration-ms="3384" status="PASS">
          <reporter-output>
          </reporter-output>
        </test-method> <!-- browserQuit -->
        <test-method is-config="true" signature="Lunchbrowser(java.lang.String)[pri:0, instance:crossBrowser.CrossBrowserQueueTesting@333d4a8c]" started-at="2023-10-13T20:38:04 EDT" name="Lunchbrowser" finished-at="2023-10-13T20:38:16 EDT" duration-ms="11929" status="PASS">
          <params>
            <param index="0">
              <value>
                <![CDATA[firefox]]>
              </value>
            </param>
          </params>
          <reporter-output>
          </reporter-output>
        </test-method> <!-- Lunchbrowser -->
        <test-method signature="tryHereDeque()[pri:7, instance:crossBrowser.CrossBrowserQueueTesting@333d4a8c]" started-at="2023-10-13T20:38:16 EDT" name="tryHereDeque" finished-at="2023-10-13T20:38:23 EDT" duration-ms="6444" status="PASS">
          <reporter-output>
          </reporter-output>
        </test-method> <!-- tryHereDeque -->
        <test-method is-config="true" signature="browserQuit()[pri:0, instance:crossBrowser.CrossBrowserQueueTesting@333d4a8c]" started-at="2023-10-13T20:38:23 EDT" name="browserQuit" finished-at="2023-10-13T20:38:29 EDT" duration-ms="6598" status="PASS">
          <reporter-output>
          </reporter-output>
        </test-method> <!-- browserQuit -->
        <test-method is-config="true" signature="Lunchbrowser(java.lang.String)[pri:0, instance:crossBrowser.CrossBrowserQueueTesting@333d4a8c]" started-at="2023-10-13T20:38:29 EDT" name="Lunchbrowser" finished-at="2023-10-13T20:38:37 EDT" duration-ms="8145" status="PASS">
          <params>
            <param index="0">
              <value>
                <![CDATA[firefox]]>
              </value>
            </param>
          </params>
          <reporter-output>
          </reporter-output>
        </test-method> <!-- Lunchbrowser -->
        <test-method signature="ErrormsgOnDeque()[pri:8, instance:crossBrowser.CrossBrowserQueueTesting@333d4a8c]" started-at="2023-10-13T20:38:37 EDT" name="ErrormsgOnDeque" finished-at="2023-10-13T20:38:42 EDT" duration-ms="4398" status="PASS">
          <reporter-output>
          </reporter-output>
        </test-method> <!-- ErrormsgOnDeque -->
        <test-method is-config="true" signature="browserQuit()[pri:0, instance:crossBrowser.CrossBrowserQueueTesting@333d4a8c]" started-at="2023-10-13T20:38:42 EDT" name="browserQuit" finished-at="2023-10-13T20:38:44 EDT" duration-ms="2403" status="PASS">
          <reporter-output>
          </reporter-output>
        </test-method> <!-- browserQuit -->
        <test-method is-config="true" signature="Lunchbrowser(java.lang.String)[pri:0, instance:crossBrowser.CrossBrowserQueueTesting@333d4a8c]" started-at="2023-10-13T20:38:44 EDT" name="Lunchbrowser" finished-at="2023-10-13T20:38:51 EDT" duration-ms="6821" status="PASS">
          <params>
            <param index="0">
              <value>
                <![CDATA[firefox]]>
              </value>
            </param>
          </params>
          <reporter-output>
          </reporter-output>
        </test-method> <!-- Lunchbrowser -->
        <test-method signature="PrintmsgOnDeque()[pri:9, instance:crossBrowser.CrossBrowserQueueTesting@333d4a8c]" started-at="2023-10-13T20:38:51 EDT" name="PrintmsgOnDeque" finished-at="2023-10-13T20:38:55 EDT" duration-ms="4006" status="PASS">
          <reporter-output>
          </reporter-output>
        </test-method> <!-- PrintmsgOnDeque -->
        <test-method is-config="true" signature="browserQuit()[pri:0, instance:crossBrowser.CrossBrowserQueueTesting@333d4a8c]" started-at="2023-10-13T20:38:55 EDT" name="browserQuit" finished-at="2023-10-13T20:38:58 EDT" duration-ms="2420" status="PASS">
          <reporter-output>
          </reporter-output>
        </test-method> <!-- browserQuit -->
        <test-method is-config="true" signature="Lunchbrowser(java.lang.String)[pri:0, instance:crossBrowser.CrossBrowserQueueTesting@333d4a8c]" started-at="2023-10-13T20:38:58 EDT" name="Lunchbrowser" finished-at="2023-10-13T20:39:04 EDT" duration-ms="6395" status="PASS">
          <params>
            <param index="0">
              <value>
                <![CDATA[firefox]]>
              </value>
            </param>
          </params>
          <reporter-output>
          </reporter-output>
        </test-method> <!-- Lunchbrowser -->
        <test-method signature="OnImplementationArrayPage()[pri:10, instance:crossBrowser.CrossBrowserQueueTesting@333d4a8c]" started-at="2023-10-13T20:39:04 EDT" name="OnImplementationArrayPage" finished-at="2023-10-13T20:39:08 EDT" duration-ms="3842" status="PASS">
          <reporter-output>
          </reporter-output>
        </test-method> <!-- OnImplementationArrayPage -->
        <test-method is-config="true" signature="browserQuit()[pri:0, instance:crossBrowser.CrossBrowserQueueTesting@333d4a8c]" started-at="2023-10-13T20:39:08 EDT" name="browserQuit" finished-at="2023-10-13T20:39:10 EDT" duration-ms="2040" status="PASS">
          <reporter-output>
          </reporter-output>
        </test-method> <!-- browserQuit -->
        <test-method is-config="true" signature="Lunchbrowser(java.lang.String)[pri:0, instance:crossBrowser.CrossBrowserQueueTesting@333d4a8c]" started-at="2023-10-13T20:39:10 EDT" name="Lunchbrowser" finished-at="2023-10-13T20:39:16 EDT" duration-ms="6591" status="PASS">
          <params>
            <param index="0">
              <value>
                <![CDATA[firefox]]>
              </value>
            </param>
          </params>
          <reporter-output>
          </reporter-output>
        </test-method> <!-- Lunchbrowser -->
        <test-method signature="tryHereOnImplementationArray()[pri:11, instance:crossBrowser.CrossBrowserQueueTesting@333d4a8c]" started-at="2023-10-13T20:39:16 EDT" name="tryHereOnImplementationArray" finished-at="2023-10-13T20:39:20 EDT" duration-ms="3415" status="PASS">
          <reporter-output>
          </reporter-output>
        </test-method> <!-- tryHereOnImplementationArray -->
        <test-method is-config="true" signature="browserQuit()[pri:0, instance:crossBrowser.CrossBrowserQueueTesting@333d4a8c]" started-at="2023-10-13T20:39:20 EDT" name="browserQuit" finished-at="2023-10-13T20:39:22 EDT" duration-ms="2232" status="PASS">
          <reporter-output>
          </reporter-output>
        </test-method> <!-- browserQuit -->
        <test-method is-config="true" signature="Lunchbrowser(java.lang.String)[pri:0, instance:crossBrowser.CrossBrowserQueueTesting@333d4a8c]" started-at="2023-10-13T20:39:22 EDT" name="Lunchbrowser" finished-at="2023-10-13T20:39:29 EDT" duration-ms="6866" status="PASS">
          <params>
            <param index="0">
              <value>
                <![CDATA[firefox]]>
              </value>
            </param>
          </params>
          <reporter-output>
          </reporter-output>
        </test-method> <!-- Lunchbrowser -->
        <test-method signature="ErrormsgOnPrintmsgOnImplementationArray()[pri:12, instance:crossBrowser.CrossBrowserQueueTesting@333d4a8c]" started-at="2023-10-13T20:39:29 EDT" name="ErrormsgOnPrintmsgOnImplementationArray" finished-at="2023-10-13T20:39:33 EDT" duration-ms="4406" status="PASS">
          <reporter-output>
          </reporter-output>
        </test-method> <!-- ErrormsgOnPrintmsgOnImplementationArray -->
        <test-method is-config="true" signature="browserQuit()[pri:0, instance:crossBrowser.CrossBrowserQueueTesting@333d4a8c]" started-at="2023-10-13T20:39:33 EDT" name="browserQuit" finished-at="2023-10-13T20:39:36 EDT" duration-ms="2293" status="PASS">
          <reporter-output>
          </reporter-output>
        </test-method> <!-- browserQuit -->
        <test-method is-config="true" signature="Lunchbrowser(java.lang.String)[pri:0, instance:crossBrowser.CrossBrowserQueueTesting@333d4a8c]" started-at="2023-10-13T20:39:36 EDT" name="Lunchbrowser" finished-at="2023-10-13T20:39:42 EDT" duration-ms="6333" status="PASS">
          <params>
            <param index="0">
              <value>
                <![CDATA[firefox]]>
              </value>
            </param>
          </params>
          <reporter-output>
          </reporter-output>
        </test-method> <!-- Lunchbrowser -->
        <test-method signature="PrintmsgOnImplementationArray()[pri:13, instance:crossBrowser.CrossBrowserQueueTesting@333d4a8c]" started-at="2023-10-13T20:39:42 EDT" name="PrintmsgOnImplementationArray" finished-at="2023-10-13T20:39:46 EDT" duration-ms="4322" status="PASS">
          <reporter-output>
          </reporter-output>
        </test-method> <!-- PrintmsgOnImplementationArray -->
        <test-method is-config="true" signature="browserQuit()[pri:0, instance:crossBrowser.CrossBrowserQueueTesting@333d4a8c]" started-at="2023-10-13T20:39:46 EDT" name="browserQuit" finished-at="2023-10-13T20:39:49 EDT" duration-ms="2323" status="PASS">
          <reporter-output>
          </reporter-output>
        </test-method> <!-- browserQuit -->
        <test-method is-config="true" signature="Lunchbrowser(java.lang.String)[pri:0, instance:crossBrowser.CrossBrowserQueueTesting@333d4a8c]" started-at="2023-10-13T20:39:49 EDT" name="Lunchbrowser" finished-at="2023-10-13T20:39:55 EDT" duration-ms="6720" status="PASS">
          <params>
            <param index="0">
              <value>
                <![CDATA[firefox]]>
              </value>
            </param>
          </params>
          <reporter-output>
          </reporter-output>
        </test-method> <!-- Lunchbrowser -->
        <test-method signature="QueueOperationsPage()[pri:14, instance:crossBrowser.CrossBrowserQueueTesting@333d4a8c]" started-at="2023-10-13T20:39:55 EDT" name="QueueOperationsPage" finished-at="2023-10-13T20:39:59 EDT" duration-ms="3215" status="PASS">
          <reporter-output>
          </reporter-output>
        </test-method> <!-- QueueOperationsPage -->
        <test-method is-config="true" signature="browserQuit()[pri:0, instance:crossBrowser.CrossBrowserQueueTesting@333d4a8c]" started-at="2023-10-13T20:39:59 EDT" name="browserQuit" finished-at="2023-10-13T20:40:01 EDT" duration-ms="2377" status="PASS">
          <reporter-output>
          </reporter-output>
        </test-method> <!-- browserQuit -->
        <test-method is-config="true" signature="Lunchbrowser(java.lang.String)[pri:0, instance:crossBrowser.CrossBrowserQueueTesting@333d4a8c]" started-at="2023-10-13T20:40:01 EDT" name="Lunchbrowser" finished-at="2023-10-13T20:40:07 EDT" duration-ms="6345" status="PASS">
          <params>
            <param index="0">
              <value>
                <![CDATA[firefox]]>
              </value>
            </param>
          </params>
          <reporter-output>
          </reporter-output>
        </test-method> <!-- Lunchbrowser -->
        <test-method signature="tryHereOnQueueOperations()[pri:15, instance:crossBrowser.CrossBrowserQueueTesting@333d4a8c]" started-at="2023-10-13T20:40:07 EDT" name="tryHereOnQueueOperations" finished-at="2023-10-13T20:40:11 EDT" duration-ms="3930" status="PASS">
          <reporter-output>
          </reporter-output>
        </test-method> <!-- tryHereOnQueueOperations -->
        <test-method is-config="true" signature="browserQuit()[pri:0, instance:crossBrowser.CrossBrowserQueueTesting@333d4a8c]" started-at="2023-10-13T20:40:11 EDT" name="browserQuit" finished-at="2023-10-13T20:40:14 EDT" duration-ms="2407" status="PASS">
          <reporter-output>
          </reporter-output>
        </test-method> <!-- browserQuit -->
        <test-method is-config="true" signature="Lunchbrowser(java.lang.String)[pri:0, instance:crossBrowser.CrossBrowserQueueTesting@333d4a8c]" started-at="2023-10-13T20:40:14 EDT" name="Lunchbrowser" finished-at="2023-10-13T20:40:20 EDT" duration-ms="6826" status="PASS">
          <params>
            <param index="0">
              <value>
                <![CDATA[firefox]]>
              </value>
            </param>
          </params>
          <reporter-output>
          </reporter-output>
        </test-method> <!-- Lunchbrowser -->
        <test-method signature="ErrormsgOnQueueOperations()[pri:16, instance:crossBrowser.CrossBrowserQueueTesting@333d4a8c]" started-at="2023-10-13T20:40:20 EDT" name="ErrormsgOnQueueOperations" finished-at="2023-10-13T20:40:25 EDT" duration-ms="4158" status="PASS">
          <reporter-output>
          </reporter-output>
        </test-method> <!-- ErrormsgOnQueueOperations -->
        <test-method is-config="true" signature="browserQuit()[pri:0, instance:crossBrowser.CrossBrowserQueueTesting@333d4a8c]" started-at="2023-10-13T20:40:25 EDT" name="browserQuit" finished-at="2023-10-13T20:40:27 EDT" duration-ms="2475" status="PASS">
          <reporter-output>
          </reporter-output>
        </test-method> <!-- browserQuit -->
        <test-method is-config="true" signature="Lunchbrowser(java.lang.String)[pri:0, instance:crossBrowser.CrossBrowserQueueTesting@333d4a8c]" started-at="2023-10-13T20:40:27 EDT" name="Lunchbrowser" finished-at="2023-10-13T20:40:34 EDT" duration-ms="6848" status="PASS">
          <params>
            <param index="0">
              <value>
                <![CDATA[firefox]]>
              </value>
            </param>
          </params>
          <reporter-output>
          </reporter-output>
        </test-method> <!-- Lunchbrowser -->
        <test-method signature="PrintmsgOnQueueOperations()[pri:17, instance:crossBrowser.CrossBrowserQueueTesting@333d4a8c]" started-at="2023-10-13T20:40:34 EDT" name="PrintmsgOnQueueOperations" finished-at="2023-10-13T20:40:38 EDT" duration-ms="4119" status="PASS">
          <reporter-output>
          </reporter-output>
        </test-method> <!-- PrintmsgOnQueueOperations -->
        <test-method is-config="true" signature="browserQuit()[pri:0, instance:crossBrowser.CrossBrowserQueueTesting@333d4a8c]" started-at="2023-10-13T20:40:38 EDT" name="browserQuit" finished-at="2023-10-13T20:40:40 EDT" duration-ms="2305" status="PASS">
          <reporter-output>
          </reporter-output>
        </test-method> <!-- browserQuit -->
        <test-method is-config="true" signature="Lunchbrowser(java.lang.String)[pri:0, instance:crossBrowser.CrossBrowserQueueTesting@333d4a8c]" started-at="2023-10-13T20:40:40 EDT" name="Lunchbrowser" finished-at="2023-10-13T20:40:47 EDT" duration-ms="6317" status="PASS">
          <params>
            <param index="0">
              <value>
                <![CDATA[firefox]]>
              </value>
            </param>
          </params>
          <reporter-output>
          </reporter-output>
        </test-method> <!-- Lunchbrowser -->
        <test-method signature="PracticePage()[pri:18, instance:crossBrowser.CrossBrowserQueueTesting@333d4a8c]" started-at="2023-10-13T20:40:47 EDT" name="PracticePage" finished-at="2023-10-13T20:40:49 EDT" duration-ms="2664" status="FAIL">
          <exception class="org.openqa.selenium.NoSuchElementException">
            <message>
              <![CDATA[Unable to locate element: //a[contains(text(),'Practice Questions')]
For documentation on this error, please visit: https://www.selenium.dev/documentation/webdriver/troubleshooting/errors#no-such-element-exception
Build info: version: '4.12.0', revision: '249f2a7d1b*'
System info: os.name: 'Windows 11', os.arch: 'amd64', os.version: '10.0', java.version: '17.0.8'
Driver info: org.openqa.selenium.firefox.FirefoxDriver
Command: [30e54287-7304-434d-aefe-2b33828eeca3, findElement {using=xpath, value=//a[contains(text(),'Practice Questions')]}]
Capabilities {acceptInsecureCerts: true, browserName: firefox, browserVersion: 118.0.2, moz:accessibilityChecks: false, moz:buildID: 20231009140911, moz:debuggerAddress: 127.0.0.1:2835, moz:geckodriverVersion: 0.33.0, moz:headless: false, moz:platformVersion: 10.0, moz:processID: 12884, moz:profile: C:\Users\sheet\AppData\Loca..., moz:shutdownTimeout: 60000, moz:webdriverClick: true, moz:windowless: false, pageLoadStrategy: normal, platformName: windows, proxy: Proxy(), se:cdp: ws://127.0.0.1:2835/devtool..., se:cdpVersion: 85.0, setWindowRect: true, strictFileInteractability: false, timeouts: {implicit: 0, pageLoad: 300000, script: 30000}, unhandledPromptBehavior: dismiss and notify}
Session ID: 30e54287-7304-434d-aefe-2b33828eeca3]]>
            </message>
            <full-stacktrace>
              <![CDATA[org.openqa.selenium.NoSuchElementException: Unable to locate element: //a[contains(text(),'Practice Questions')]
For documentation on this error, please visit: https://www.selenium.dev/documentation/webdriver/troubleshooting/errors#no-such-element-exception
Build info: version: '4.12.0', revision: '249f2a7d1b*'
System info: os.name: 'Windows 11', os.arch: 'amd64', os.version: '10.0', java.version: '17.0.8'
Driver info: org.openqa.selenium.firefox.FirefoxDriver
Command: [30e54287-7304-434d-aefe-2b33828eeca3, findElement {using=xpath, value=//a[contains(text(),'Practice Questions')]}]
Capabilities {acceptInsecureCerts: true, browserName: firefox, browserVersion: 118.0.2, moz:accessibilityChecks: false, moz:buildID: 20231009140911, moz:debuggerAddress: 127.0.0.1:2835, moz:geckodriverVersion: 0.33.0, moz:headless: false, moz:platformVersion: 10.0, moz:processID: 12884, moz:profile: C:\Users\sheet\AppData\Loca..., moz:shutdownTimeout: 60000, moz:webdriverClick: true, moz:windowless: false, pageLoadStrategy: normal, platformName: windows, proxy: Proxy(), se:cdp: ws://127.0.0.1:2835/devtool..., se:cdpVersion: 85.0, setWindowRect: true, strictFileInteractability: false, timeouts: {implicit: 0, pageLoad: 300000, script: 30000}, unhandledPromptBehavior: dismiss and notify}
Session ID: 30e54287-7304-434d-aefe-2b33828eeca3
at java.base/jdk.internal.reflect.NativeConstructorAccessorImpl.newInstance0(Native Method)
at java.base/jdk.internal.reflect.NativeConstructorAccessorImpl.newInstance(NativeConstructorAccessorImpl.java:77)
at java.base/jdk.internal.reflect.DelegatingConstructorAccessorImpl.newInstance(DelegatingConstructorAccessorImpl.java:45)
at java.base/java.lang.reflect.Constructor.newInstanceWithCaller(Constructor.java:499)
at java.base/java.lang.reflect.Constructor.newInstance(Constructor.java:480)
at org.openqa.selenium.remote.codec.w3c.W3CHttpResponseCodec.createException(W3CHttpResponseCodec.java:200)
at org.openqa.selenium.remote.codec.w3c.W3CHttpResponseCodec.decode(W3CHttpResponseCodec.java:133)
at org.openqa.selenium.remote.codec.w3c.W3CHttpResponseCodec.decode(W3CHttpResponseCodec.java:52)
at org.openqa.selenium.remote.HttpCommandExecutor.execute(HttpCommandExecutor.java:191)
at org.openqa.selenium.remote.service.DriverCommandExecutor.invokeExecute(DriverCommandExecutor.java:196)
at org.openqa.selenium.remote.service.DriverCommandExecutor.execute(DriverCommandExecutor.java:171)
at org.openqa.selenium.remote.RemoteWebDriver.execute(RemoteWebDriver.java:602)
at org.openqa.selenium.remote.ElementLocation$ElementFinder$2.findElement(ElementLocation.java:165)
at org.openqa.selenium.remote.ElementLocation.findElement(ElementLocation.java:59)
at org.openqa.selenium.remote.RemoteWebDriver.findElement(RemoteWebDriver.java:359)
at org.openqa.selenium.remote.RemoteWebDriver.findElement(RemoteWebDriver.java:353)
at crossBrowser.CrossBrowserQueueTesting.PracticePage(CrossBrowserQueueTesting.java:550)
at java.base/jdk.internal.reflect.NativeMethodAccessorImpl.invoke0(Native Method)
at java.base/jdk.internal.reflect.NativeMethodAccessorImpl.invoke(NativeMethodAccessorImpl.java:77)
at java.base/jdk.internal.reflect.DelegatingMethodAccessorImpl.invoke(DelegatingMethodAccessorImpl.java:43)
at java.base/java.lang.reflect.Method.invoke(Method.java:568)
at org.testng.internal.invokers.MethodInvocationHelper.invokeMethod(MethodInvocationHelper.java:139)
at org.testng.internal.invokers.TestInvoker.invokeMethod(TestInvoker.java:677)
at org.testng.internal.invokers.TestInvoker.invokeTestMethod(TestInvoker.java:221)
at org.testng.internal.invokers.MethodRunner.runInSequence(MethodRunner.java:50)
at org.testng.internal.invokers.TestInvoker$MethodInvocationAgent.invoke(TestInvoker.java:962)
at org.testng.internal.invokers.TestInvoker.invokeTestMethods(TestInvoker.java:194)
at org.testng.internal.invokers.TestMethodWorker.invokeTestMethods(TestMethodWorker.java:148)
at org.testng.internal.invokers.TestMethodWorker.run(TestMethodWorker.java:128)
at java.base/java.util.ArrayList.forEach(ArrayList.java:1511)
at org.testng.TestRunner.privateRun(TestRunner.java:806)
at org.testng.TestRunner.run(TestRunner.java:601)
at org.testng.SuiteRunner.runTest(SuiteRunner.java:433)
at org.testng.SuiteRunner$SuiteWorker.run(SuiteRunner.java:471)
at org.testng.internal.thread.ThreadUtil.lambda$execute$0(ThreadUtil.java:58)
at java.base/java.util.concurrent.FutureTask.run(FutureTask.java:264)
at java.base/java.util.concurrent.ThreadPoolExecutor.runWorker(ThreadPoolExecutor.java:1136)
at java.base/java.util.concurrent.ThreadPoolExecutor$Worker.run(ThreadPoolExecutor.java:635)
at java.base/java.lang.Thread.run(Thread.java:833)
]]>
            </full-stacktrace>
          </exception> <!-- org.openqa.selenium.NoSuchElementException -->
          <reporter-output>
          </reporter-output>
        </test-method> <!-- PracticePage -->
        <test-method is-config="true" signature="browserQuit()[pri:0, instance:crossBrowser.CrossBrowserQueueTesting@333d4a8c]" started-at="2023-10-13T20:40:49 EDT" name="browserQuit" finished-at="2023-10-13T20:40:52 EDT" duration-ms="2189" status="PASS">
          <reporter-output>
          </reporter-output>
        </test-method> <!-- browserQuit -->
      </class> <!-- crossBrowser.CrossBrowserQueueTesting -->
    </test> <!-- Testonmyfirefox -->
  </suite> <!-- Suite -->
</testng-results>
